<?xml version="1.0" encoding="UTF-8"?>
<testsuites>
  <testsuite name="co_relevels" timestamp="2023-02-15T08:46:44Z" hostname="4b501ac308f8" tests="22" skipped="0" failures="0" errors="0" time="0.204">
    <testcase time="0.0210000000000001" classname="co_relevels" name="co_relevels_works_as_expected."/>
    <testcase time="0.034" classname="co_relevels" name="co_relevels_works_as_expected."/>
    <testcase time="0.0129999999999999" classname="co_relevels" name="co_relevels_works_as_expected."/>
    <testcase time="0.0110000000000001" classname="co_relevels" name="co_relevels_works_as_expected."/>
    <testcase time="0.004" classname="co_relevels" name="co_relevels_works_as_expected."/>
    <testcase time="0.014" classname="co_relevels" name="co_relevels_works_as_expected_with_tibbles."/>
    <testcase time="0.00499999999999989" classname="co_relevels" name="co_relevels_works_as_expected_with_tibbles."/>
    <testcase time="0.00500000000000012" classname="co_relevels" name="co_relevels_works_as_expected_with_tibbles."/>
    <testcase time="0.004" classname="co_relevels" name="co_relevels_works_as_expected_with_tibbles."/>
    <testcase time="0.00499999999999989" classname="co_relevels" name="co_relevels_works_as_expected_with_tibbles."/>
    <testcase time="0.00700000000000012" classname="co_relevels" name="co_relevels_works_as_expected_when_only_a_subset_of_levels_is_used."/>
    <testcase time="0.00499999999999989" classname="co_relevels" name="co_relevels_works_as_expected_when_only_a_subset_of_levels_is_used."/>
    <testcase time="0.00499999999999989" classname="co_relevels" name="co_relevels_works_as_expected_when_only_a_subset_of_levels_is_used."/>
    <testcase time="0.00500000000000012" classname="co_relevels" name="co_relevels_works_as_expected_when_only_a_subset_of_levels_is_used."/>
    <testcase time="0.004" classname="co_relevels" name="co_relevels_works_as_expected_when_only_a_subset_of_levels_is_used."/>
    <testcase time="0.012" classname="co_relevels" name="co_relevels_works_as_expected_when_a_supplementary_level_is_used."/>
    <testcase time="0.004" classname="co_relevels" name="co_relevels_works_as_expected_when_a_supplementary_level_is_used."/>
    <testcase time="0.00499999999999989" classname="co_relevels" name="co_relevels_works_as_expected_when_a_supplementary_level_is_used."/>
    <testcase time="0.004" classname="co_relevels" name="co_relevels_works_as_expected_when_a_supplementary_level_is_used."/>
    <testcase time="0.00500000000000012" classname="co_relevels" name="co_relevels_works_as_expected_when_a_supplementary_level_is_used."/>
    <testcase time="0.02" classname="co_relevels" name="co_relevels_retuns_an_error_when_the_matching_between_the_selected_column_is_not_unique."/>
    <testcase time="0.012" classname="co_relevels" name="co_relevels_retuns_an_error_when_NAs_are_present."/>
  </testsuite>
  <testsuite name="cut_by_group" timestamp="2023-02-15T08:46:45Z" hostname="4b501ac308f8" tests="14" skipped="0" failures="0" errors="0" time="0.096">
    <testcase time="0.0269999999999999" classname="cut_by_group" name="cut_by_group_works_as_expected."/>
    <testcase time="0.002" classname="cut_by_group" name="cut_by_group_works_as_expected."/>
    <testcase time="0.00700000000000012" classname="cut_by_group" name="cut_by_group_works_as_expected."/>
    <testcase time="0.00499999999999989" classname="cut_by_group" name="cut_by_group_works_as_expected."/>
    <testcase time="0.0069999999999999" classname="cut_by_group" name="cut_by_group_works_as_expected_when_supplementary_group_information_are_provided."/>
    <testcase time="0.00100000000000011" classname="cut_by_group" name="cut_by_group_works_as_expected_when_supplementary_group_information_are_provided."/>
    <testcase time="0.00499999999999989" classname="cut_by_group" name="cut_by_group_works_as_expected_when_supplementary_group_information_are_provided."/>
    <testcase time="0.00500000000000012" classname="cut_by_group" name="cut_by_group_works_as_expected_when_supplementary_group_information_are_provided."/>
    <testcase time="0.0069999999999999" classname="cut_by_group" name="cut_by_group_returns_NA_for_parameters_values_that_are_covered."/>
    <testcase time="0.00100000000000011" classname="cut_by_group" name="cut_by_group_returns_NA_for_parameters_values_that_are_covered."/>
    <testcase time="0.00499999999999989" classname="cut_by_group" name="cut_by_group_returns_NA_for_parameters_values_that_are_covered."/>
    <testcase time="0.004" classname="cut_by_group" name="cut_by_group_returns_NA_for_parameters_values_that_are_covered."/>
    <testcase time="0.00500000000000012" classname="cut_by_group" name="cut_by_group_returns_NA_for_parameters_values_that_are_covered."/>
    <testcase time="0.0149999999999999" classname="cut_by_group" name="cut_by_group_fails_when_the_number_of_labels_doesn_t_fit_the_number_of_breaks."/>
  </testsuite>
  <testsuite name="dm_explicit_na" timestamp="2023-02-15T08:46:45Z" hostname="4b501ac308f8" tests="21" skipped="0" failures="0" errors="0" time="0.48">
    <testcase time="0.244" classname="dm_explicit_na" name="dm_explicit_na_works_as_expected_with_default_options."/>
    <testcase time="0.002" classname="dm_explicit_na" name="dm_explicit_na_works_as_expected_with_default_options."/>
    <testcase time="0.00100000000000011" classname="dm_explicit_na" name="dm_explicit_na_works_as_expected_with_default_options."/>
    <testcase time="0.00099999999999989" classname="dm_explicit_na" name="dm_explicit_na_works_as_expected_with_default_options."/>
    <testcase time="0.002" classname="dm_explicit_na" name="dm_explicit_na_works_as_expected_with_default_options."/>
    <testcase time="0.00100000000000011" classname="dm_explicit_na" name="dm_explicit_na_works_as_expected_with_default_options."/>
    <testcase time="0.00099999999999989" classname="dm_explicit_na" name="dm_explicit_na_works_as_expected_with_default_options."/>
    <testcase time="0.002" classname="dm_explicit_na" name="dm_explicit_na_works_as_expected_with_default_options."/>
    <testcase time="0.00100000000000011" classname="dm_explicit_na" name="dm_explicit_na_works_as_expected_with_default_options."/>
    <testcase time="0.198" classname="dm_explicit_na" name="dm_explicit_na_works_as_expected_with_optional_arguments."/>
    <testcase time="0.00500000000000012" classname="dm_explicit_na" name="dm_explicit_na_works_as_expected_with_optional_arguments."/>
    <testcase time="0.00099999999999989" classname="dm_explicit_na" name="dm_explicit_na_works_as_expected_with_optional_arguments."/>
    <testcase time="0.002" classname="dm_explicit_na" name="dm_explicit_na_works_as_expected_with_optional_arguments."/>
    <testcase time="0.00100000000000011" classname="dm_explicit_na" name="dm_explicit_na_works_as_expected_with_optional_arguments."/>
    <testcase time="0.00199999999999978" classname="dm_explicit_na" name="dm_explicit_na_works_as_expected_with_optional_arguments."/>
    <testcase time="0.00100000000000011" classname="dm_explicit_na" name="dm_explicit_na_works_as_expected_with_optional_arguments."/>
    <testcase time="0.002" classname="dm_explicit_na" name="dm_explicit_na_works_as_expected_with_optional_arguments."/>
    <testcase time="0.0089999999999999" classname="dm_explicit_na" name="dm_explicit_na_works_as_expected_with_optional_arguments."/>
    <testcase time="0.00100000000000011" classname="dm_explicit_na" name="dm_explicit_na_works_as_expected_with_optional_arguments."/>
    <testcase time="0.002" classname="dm_explicit_na" name="dm_explicit_na_works_as_expected_with_optional_arguments."/>
    <testcase time="0.00099999999999989" classname="dm_explicit_na" name="dm_explicit_na_works_as_expected_with_optional_arguments."/>
  </testsuite>
  <testsuite name="dm_unite" timestamp="2023-02-15T08:46:45Z" hostname="4b501ac308f8" tests="8" skipped="0" failures="0" errors="0" time="0.829">
    <testcase time="0.282" classname="dm_unite" name="dm_unite_works_as_expected_with_characters"/>
    <testcase time="0.00499999999999989" classname="dm_unite" name="dm_unite_works_as_expected_with_characters"/>
    <testcase time="0.264" classname="dm_unite" name="dm_unite_works_as_expected_with_factors"/>
    <testcase time="0.00499999999999989" classname="dm_unite" name="dm_unite_works_as_expected_with_factors"/>
    <testcase time="0.004" classname="dm_unite" name="dm_unite_works_as_expected_with_factors"/>
    <testcase time="0.259" classname="dm_unite" name="dm_unite_works_as_expected_with_more_than_2_columns"/>
    <testcase time="0.00500000000000034" classname="dm_unite" name="dm_unite_works_as_expected_with_more_than_2_columns"/>
    <testcase time="0.00499999999999989" classname="dm_unite" name="dm_unite_works_as_expected_with_more_than_2_columns"/>
  </testsuite>
  <testsuite name="join_adsub_adsl" timestamp="2023-02-15T08:46:46Z" hostname="4b501ac308f8" tests="14" skipped="0" failures="0" errors="0" time="2.629">
    <testcase time="0.681" classname="join_adsub_adsl" name="join_adsub_adsl_works_as_expected_with_default_values"/>
    <testcase time="0.00099999999999989" classname="join_adsub_adsl" name="join_adsub_adsl_works_as_expected_with_default_values"/>
    <testcase time="0.00100000000000033" classname="join_adsub_adsl" name="join_adsub_adsl_works_as_expected_with_default_values"/>
    <testcase time="0.377" classname="join_adsub_adsl" name="join_adsub_adsl_works_as_expected_when_no_column_is_selected"/>
    <testcase time="0.00099999999999989" classname="join_adsub_adsl" name="join_adsub_adsl_works_as_expected_when_no_column_is_selected"/>
    <testcase time="0.00200000000000022" classname="join_adsub_adsl" name="join_adsub_adsl_works_as_expected_when_no_column_is_selected"/>
    <testcase time="0.37" classname="join_adsub_adsl" name="join_adsub_adsl_works_as_expected_when_no_column_is_selected"/>
    <testcase time="0.00200000000000067" classname="join_adsub_adsl" name="join_adsub_adsl_works_as_expected_when_no_column_is_selected"/>
    <testcase time="0.000999999999999446" classname="join_adsub_adsl" name="join_adsub_adsl_works_as_expected_when_no_column_is_selected"/>
    <testcase time="0.36" classname="join_adsub_adsl" name="join_adsub_adsl_works_as_expected_when_no_column_is_selected"/>
    <testcase time="0.000999999999999446" classname="join_adsub_adsl" name="join_adsub_adsl_works_as_expected_when_no_column_is_selected"/>
    <testcase time="0.00100000000000033" classname="join_adsub_adsl" name="join_adsub_adsl_works_as_expected_when_no_column_is_selected"/>
    <testcase time="0.425" classname="join_adsub_adsl" name="join_adsub_adsl_throw_a_warning_when_column_already_exist_in_adsl."/>
    <testcase time="0.406000000000001" classname="join_adsub_adsl" name="join_adsub_adsl_throw_a_warning_when_two_new_columns_would_have_the_same_name."/>
  </testsuite>
  <testsuite name="pivot" timestamp="2023-02-15T08:46:49Z" hostname="4b501ac308f8" tests="17" skipped="0" failures="0" errors="0" time="0.129">
    <testcase time="0.0119999999999996" classname="pivot" name="mini_pivot_wider_works_as_expected."/>
    <testcase time="0.00499999999999989" classname="pivot" name="mini_pivot_wider_works_as_expected."/>
    <testcase time="0.00999999999999979" classname="pivot" name="mini_pivot_wider_returns_an_error_when_required_column_are_not_present."/>
    <testcase time="0.00900000000000034" classname="pivot" name="mini_pivot_wider_returns_an_error_when_data_are_duplicated."/>
    <testcase time="0.00800000000000001" classname="pivot" name="multi_pivot_wider_works_as_expected."/>
    <testcase time="0.00399999999999956" classname="pivot" name="multi_pivot_wider_works_as_expected."/>
    <testcase time="0.0129999999999999" classname="pivot" name="multi_pivot_wider_works_as_expected_with_drop_na_argument."/>
    <testcase time="0.00400000000000045" classname="pivot" name="multi_pivot_wider_works_as_expected_with_drop_na_argument."/>
    <testcase time="0.00800000000000001" classname="pivot" name="multi_pivot_wider_works_as_expected_with_drop_na_argument."/>
    <testcase time="0.00500000000000078" classname="pivot" name="multi_pivot_wider_works_as_expected_with_drop_na_argument."/>
    <testcase time="0.00999999999999979" classname="pivot" name="multi_pivot_wider_works_as_expected_when_the_unique_identification_deoends_on_several_columns"/>
    <testcase time="0.00400000000000045" classname="pivot" name="multi_pivot_wider_works_as_expected_when_the_unique_identification_deoends_on_several_columns"/>
    <testcase time="0.00499999999999989" classname="pivot" name="multi_pivot_wider_works_as_expected_when_the_unique_identification_deoends_on_several_columns"/>
    <testcase time="0.0110000000000001" classname="pivot" name="poly_pivot_wider_works_as_expected."/>
    <testcase time="0.00499999999999989" classname="pivot" name="poly_pivot_wider_works_as_expected."/>
    <testcase time="0.0110000000000001" classname="pivot" name="poly_pivot_wider_works_as_expected_with_default_label."/>
    <testcase time="0.00499999999999989" classname="pivot" name="poly_pivot_wider_works_as_expected_with_default_label."/>
  </testsuite>
  <testsuite name="propagate" timestamp="2023-02-15T08:46:49Z" hostname="4b501ac308f8" tests="3" skipped="2" failures="0" errors="0" time="0.439">
    <testcase time="0.234" classname="propagate" name="propagate_works_as_expected">
      <skipped message="Reason: On CRAN ('test-propagate.R:17')"/>
    </testcase>
    <testcase time="0.163" classname="propagate" name="propagate_works_as_expected_in_safe_mode"/>
    <testcase time="0.0419999999999998" classname="propagate" name="propagate_works_as_expected_in_safe_mode">
      <skipped message="Reason: On CRAN ('test-propagate.R:36')"/>
    </testcase>
  </testsuite>
  <testsuite name="reformat" timestamp="2023-02-15T08:46:49Z" hostname="4b501ac308f8" tests="19" skipped="0" failures="0" errors="0" time="0.964">
    <testcase time="0.175" classname="reformat" name="h_reformat_tab_works_as_expected"/>
    <testcase time="0.00499999999999989" classname="reformat" name="h_reformat_tab_works_as_expected"/>
    <testcase time="0.165" classname="reformat" name="apply_reformat_works_as_expected_with_other_All_spelling"/>
    <testcase time="0.00499999999999989" classname="reformat" name="apply_reformat_works_as_expected_with_other_All_spelling"/>
    <testcase time="0.00400000000000045" classname="reformat" name="apply_reformat_works_as_expected_with_other_All_spelling"/>
    <testcase time="0.00399999999999956" classname="reformat" name="apply_reformat_works_as_expected_with_other_All_spelling"/>
    <testcase time="0.134" classname="reformat" name="apply_reformat_works_as_expected_with_NULL_values"/>
    <testcase time="0.00499999999999989" classname="reformat" name="apply_reformat_works_as_expected_with_NULL_values"/>
    <testcase time="0.00400000000000045" classname="reformat" name="apply_reformat_works_as_expected_with_NULL_values"/>
    <testcase time="0.140000000000001" classname="reformat" name="apply_reformat_works_with_empty_strings"/>
    <testcase time="0.145" classname="reformat" name="apply_reformat_preserves_labels"/>
    <testcase time="0.133" classname="reformat" name="apply_reformat_works_as_expected_with_empty_list"/>
    <testcase time="0.00499999999999989" classname="reformat" name="apply_reformat_works_as_expected_with_empty_list"/>
    <testcase time="0.00400000000000045" classname="reformat" name="apply_reformat_works_as_expected_with_empty_list"/>
    <testcase time="0.00400000000000045" classname="reformat" name="apply_reformat_works_as_expected_with_empty_list"/>
    <testcase time="0.00899999999999945" classname="reformat" name="reformat_for_characters_works_as_expected"/>
    <testcase time="0.0129999999999999" classname="reformat" name="reformat_for_factors_works_as_expected"/>
    <testcase time="0.00500000000000078" classname="reformat" name="reformat_for_factors_works_as_expected"/>
    <testcase time="0.00499999999999989" classname="reformat" name="reformat_for_factors_works_as_expected"/>
  </testsuite>
  <testsuite name="rules" timestamp="2023-02-15T08:46:50Z" hostname="4b501ac308f8" tests="26" skipped="3" failures="0" errors="0" time="0.383">
    <testcase time="0.00899999999999945" classname="rules" name="rule_create_works_with_arguments"/>
    <testcase time="0.132000000000001" classname="rules" name="rule_create_works_with_arguments"/>
    <testcase time="0.00499999999999989" classname="rules" name="rule_create_works_with_arguments"/>
    <testcase time="0.00499999999999989" classname="rules" name="rule_coerce_logical_numeric_to_character"/>
    <testcase time="0.00800000000000001" classname="rules" name="rule_coerce_logical_numeric_to_character"/>
    <testcase time="0.00199999999999978" classname="rules" name="rule_coerce_logical_numeric_to_character"/>
    <testcase time="0.00800000000000001" classname="rules" name="rule_coerce_logical_numeric_to_character"/>
    <testcase time="0.00499999999999989" classname="rules" name="rule_works_for_multiple_map"/>
    <testcase time="0.0190000000000001" classname="rules" name="rule_works_for_multiple_map"/>
    <testcase time="0.00999999999999979" classname="rules" name="rule_fails_when_one_value_is_mapped_to_multiple"/>
    <testcase time="0.00700000000000056" classname="rules" name="rule_fails_when_one_value_is_mapped_to_multiple"/>
    <testcase time="0.00899999999999945" classname="rules" name="rule_fails_for_values_that_is_not_character_logical_numeric"/>
    <testcase time="0.0150000000000006" classname="rules" name="rule_printed_correctly">
      <skipped message="Reason: On CRAN ('test-rules.R:45')"/>
    </testcase>
    <testcase time="0.0190000000000001" classname="rules" name="emtpy_rule_is_length_0_character"/>
    <testcase time="0.00899999999999945" classname="rules" name="emtpy_rule_printed_correctly">
      <skipped message="Reason: On CRAN ('test-rules.R:55')"/>
    </testcase>
    <testcase time="0.0129999999999999" classname="rules" name="rules_is_a_named_list_of_rule"/>
    <testcase time="0.00600000000000023" classname="rules" name="rules_is_a_named_list_of_rule"/>
    <testcase time="0.0110000000000001" classname="rules" name="rules_failes_if_element_is_not_rule"/>
    <testcase time="0.00999999999999979" classname="rules" name="rules_elements_must_have_different_names"/>
    <testcase time="0.0110000000000001" classname="rules" name="rules_elements_must_have_different_names"/>
    <testcase time="0.0209999999999999" classname="rules" name="rules_printed_correctly">
      <skipped message="Reason: On CRAN ('test-rules.R:85')"/>
    </testcase>
    <testcase time="0.0170000000000003" classname="rules" name="append_rules_works_as_expected"/>
    <testcase time="0.00499999999999989" classname="rules" name="append_rules_works_as_expected"/>
    <testcase time="0.0140000000000002" classname="rules" name="rules_are_read_and_written_correctly"/>
    <testcase time="0.00699999999999967" classname="rules" name="rules_are_read_and_written_correctly"/>
    <testcase time="0.00600000000000023" classname="rules" name="rules_are_read_and_written_correctly"/>
  </testsuite>
  <testsuite name="utils" timestamp="2023-02-15T08:46:50Z" hostname="4b501ac308f8" tests="28" skipped="0" failures="0" errors="0" time="0.226">
    <testcase time="0.00999999999999979" classname="utils" name="h_ws_to_na_works_as_expected."/>
    <testcase time="0.00100000000000033" classname="utils" name="h_ws_to_na_works_as_expected."/>
    <testcase time="0.00199999999999978" classname="utils" name="h_ws_to_na_works_as_expected."/>
    <testcase time="0.00199999999999978" classname="utils" name="h_ws_to_na_works_as_expected."/>
    <testcase time="0.00400000000000045" classname="utils" name="h_ws_to_na_works_as_expected."/>
    <testcase time="0.00599999999999934" classname="utils" name="h_ws_to_explicit_na_works_as_expected."/>
    <testcase time="0.00100000000000033" classname="utils" name="h_ws_to_explicit_na_works_as_expected."/>
    <testcase time="0.00199999999999978" classname="utils" name="h_ws_to_explicit_na_works_as_expected."/>
    <testcase time="0.00199999999999978" classname="utils" name="h_ws_to_explicit_na_works_as_expected."/>
    <testcase time="0.00600000000000023" classname="utils" name="h_as_factor_works_as_expected"/>
    <testcase time="0.000999999999999446" classname="utils" name="h_as_factor_works_as_expected"/>
    <testcase time="0.00500000000000078" classname="utils" name="h_as_factor_works_as_expected"/>
    <testcase time="0.00499999999999989" classname="utils" name="h_as_factor_works_as_expected"/>
    <testcase time="0.00199999999999978" classname="utils" name="h_as_factor_works_as_expected"/>
    <testcase time="0.00199999999999978" classname="utils" name="h_as_factor_works_as_expected"/>
    <testcase time="0.121" classname="utils" name="h_as_factor_works_as_expected"/>
    <testcase time="0.00399999999999956" classname="utils" name="h_as_factor_works_as_expected"/>
    <testcase time="0.00300000000000011" classname="utils" name="h_as_factor_works_as_expected"/>
    <testcase time="0.00199999999999978" classname="utils" name="h_as_factor_works_as_expected"/>
    <testcase time="0.00400000000000045" classname="utils" name="h_as_factor_works_as_expected"/>
    <testcase time="0.00399999999999956" classname="utils" name="h_as_factor_works_as_expected"/>
    <testcase time="0.00300000000000011" classname="utils" name="h_as_factor_works_as_expected"/>
    <testcase time="0.00199999999999978" classname="utils" name="h_as_factor_works_as_expected"/>
    <testcase time="0.00500000000000078" classname="utils" name="attr_label_works_as_expected"/>
    <testcase time="0.00399999999999956" classname="utils" name="attr_label_works_as_expected"/>
    <testcase time="0.00600000000000023" classname="utils" name="attr_label_works_as_expected"/>
    <testcase time="0.0110000000000001" classname="utils" name="attr_label_df_works_as_expected"/>
    <testcase time="0.00599999999999934" classname="utils" name="attr_label_df_works_as_expected"/>
  </testsuite>
</testsuites>
