<?xml version="1.0" encoding="UTF-8"?>
<testsuites>
  <testsuite name="co_relevels" timestamp="2023-02-23T16:36:51Z" hostname="9e835dd96515" tests="22" skipped="0" failures="0" errors="0" time="0.193">
    <testcase time="0.0190000000000001" classname="co_relevels" name="co_relevels_works_as_expected."/>
    <testcase time="0.032" classname="co_relevels" name="co_relevels_works_as_expected."/>
    <testcase time="0.012" classname="co_relevels" name="co_relevels_works_as_expected."/>
    <testcase time="0.01" classname="co_relevels" name="co_relevels_works_as_expected."/>
    <testcase time="0.00399999999999978" classname="co_relevels" name="co_relevels_works_as_expected."/>
    <testcase time="0.0130000000000001" classname="co_relevels" name="co_relevels_works_as_expected_with_tibbles."/>
    <testcase time="0.00499999999999989" classname="co_relevels" name="co_relevels_works_as_expected_with_tibbles."/>
    <testcase time="0.004" classname="co_relevels" name="co_relevels_works_as_expected_with_tibbles."/>
    <testcase time="0.00500000000000012" classname="co_relevels" name="co_relevels_works_as_expected_with_tibbles."/>
    <testcase time="0.004" classname="co_relevels" name="co_relevels_works_as_expected_with_tibbles."/>
    <testcase time="0.0069999999999999" classname="co_relevels" name="co_relevels_works_as_expected_when_only_a_subset_of_levels_is_used."/>
    <testcase time="0.004" classname="co_relevels" name="co_relevels_works_as_expected_when_only_a_subset_of_levels_is_used."/>
    <testcase time="0.00500000000000012" classname="co_relevels" name="co_relevels_works_as_expected_when_only_a_subset_of_levels_is_used."/>
    <testcase time="0.004" classname="co_relevels" name="co_relevels_works_as_expected_when_only_a_subset_of_levels_is_used."/>
    <testcase time="0.00499999999999989" classname="co_relevels" name="co_relevels_works_as_expected_when_only_a_subset_of_levels_is_used."/>
    <testcase time="0.01" classname="co_relevels" name="co_relevels_works_as_expected_when_a_supplementary_level_is_used."/>
    <testcase time="0.00500000000000012" classname="co_relevels" name="co_relevels_works_as_expected_when_a_supplementary_level_is_used."/>
    <testcase time="0.00499999999999989" classname="co_relevels" name="co_relevels_works_as_expected_when_a_supplementary_level_is_used."/>
    <testcase time="0.004" classname="co_relevels" name="co_relevels_works_as_expected_when_a_supplementary_level_is_used."/>
    <testcase time="0.00500000000000012" classname="co_relevels" name="co_relevels_works_as_expected_when_a_supplementary_level_is_used."/>
    <testcase time="0.0189999999999999" classname="co_relevels" name="co_relevels_retuns_an_error_when_the_matching_between_the_selected_column_is_not_unique."/>
    <testcase time="0.012" classname="co_relevels" name="co_relevels_retuns_an_error_when_NAs_are_present."/>
  </testsuite>
  <testsuite name="cut_by_group" timestamp="2023-02-23T16:36:51Z" hostname="9e835dd96515" tests="14" skipped="0" failures="0" errors="0" time="0.089">
    <testcase time="0.0249999999999999" classname="cut_by_group" name="cut_by_group_works_as_expected."/>
    <testcase time="0.002" classname="cut_by_group" name="cut_by_group_works_as_expected."/>
    <testcase time="0.004" classname="cut_by_group" name="cut_by_group_works_as_expected."/>
    <testcase time="0.00500000000000012" classname="cut_by_group" name="cut_by_group_works_as_expected."/>
    <testcase time="0.0069999999999999" classname="cut_by_group" name="cut_by_group_works_as_expected_when_supplementary_group_information_are_provided."/>
    <testcase time="0.00100000000000011" classname="cut_by_group" name="cut_by_group_works_as_expected_when_supplementary_group_information_are_provided."/>
    <testcase time="0.004" classname="cut_by_group" name="cut_by_group_works_as_expected_when_supplementary_group_information_are_provided."/>
    <testcase time="0.00499999999999989" classname="cut_by_group" name="cut_by_group_works_as_expected_when_supplementary_group_information_are_provided."/>
    <testcase time="0.00600000000000001" classname="cut_by_group" name="cut_by_group_returns_NA_for_parameters_values_that_are_covered."/>
    <testcase time="0.002" classname="cut_by_group" name="cut_by_group_returns_NA_for_parameters_values_that_are_covered."/>
    <testcase time="0.004" classname="cut_by_group" name="cut_by_group_returns_NA_for_parameters_values_that_are_covered."/>
    <testcase time="0.00500000000000012" classname="cut_by_group" name="cut_by_group_returns_NA_for_parameters_values_that_are_covered."/>
    <testcase time="0.00800000000000001" classname="cut_by_group" name="cut_by_group_returns_NA_for_parameters_values_that_are_covered."/>
    <testcase time="0.0109999999999999" classname="cut_by_group" name="cut_by_group_fails_when_the_number_of_labels_doesn_t_fit_the_number_of_breaks."/>
  </testsuite>
  <testsuite name="dm_explicit_na" timestamp="2023-02-23T16:36:51Z" hostname="9e835dd96515" tests="21" skipped="0" failures="0" errors="0" time="0.494">
    <testcase time="0.251" classname="dm_explicit_na" name="dm_explicit_na_works_as_expected_with_default_options."/>
    <testcase time="0.00600000000000001" classname="dm_explicit_na" name="dm_explicit_na_works_as_expected_with_default_options."/>
    <testcase time="0.00099999999999989" classname="dm_explicit_na" name="dm_explicit_na_works_as_expected_with_default_options."/>
    <testcase time="0.00100000000000011" classname="dm_explicit_na" name="dm_explicit_na_works_as_expected_with_default_options."/>
    <testcase time="0.002" classname="dm_explicit_na" name="dm_explicit_na_works_as_expected_with_default_options."/>
    <testcase time="0.00099999999999989" classname="dm_explicit_na" name="dm_explicit_na_works_as_expected_with_default_options."/>
    <testcase time="0.00100000000000011" classname="dm_explicit_na" name="dm_explicit_na_works_as_expected_with_default_options."/>
    <testcase time="0.002" classname="dm_explicit_na" name="dm_explicit_na_works_as_expected_with_default_options."/>
    <testcase time="0.00099999999999989" classname="dm_explicit_na" name="dm_explicit_na_works_as_expected_with_default_options."/>
    <testcase time="0.205" classname="dm_explicit_na" name="dm_explicit_na_works_as_expected_with_optional_arguments."/>
    <testcase time="0.00499999999999989" classname="dm_explicit_na" name="dm_explicit_na_works_as_expected_with_optional_arguments."/>
    <testcase time="0.002" classname="dm_explicit_na" name="dm_explicit_na_works_as_expected_with_optional_arguments."/>
    <testcase time="0.00100000000000011" classname="dm_explicit_na" name="dm_explicit_na_works_as_expected_with_optional_arguments."/>
    <testcase time="0.00099999999999989" classname="dm_explicit_na" name="dm_explicit_na_works_as_expected_with_optional_arguments."/>
    <testcase time="0.002" classname="dm_explicit_na" name="dm_explicit_na_works_as_expected_with_optional_arguments."/>
    <testcase time="0.00100000000000011" classname="dm_explicit_na" name="dm_explicit_na_works_as_expected_with_optional_arguments."/>
    <testcase time="0.002" classname="dm_explicit_na" name="dm_explicit_na_works_as_expected_with_optional_arguments."/>
    <testcase time="0.00499999999999989" classname="dm_explicit_na" name="dm_explicit_na_works_as_expected_with_optional_arguments."/>
    <testcase time="0.00100000000000011" classname="dm_explicit_na" name="dm_explicit_na_works_as_expected_with_optional_arguments."/>
    <testcase time="0.00099999999999989" classname="dm_explicit_na" name="dm_explicit_na_works_as_expected_with_optional_arguments."/>
    <testcase time="0.002" classname="dm_explicit_na" name="dm_explicit_na_works_as_expected_with_optional_arguments."/>
  </testsuite>
  <testsuite name="dm_unite" timestamp="2023-02-23T16:36:52Z" hostname="9e835dd96515" tests="8" skipped="0" failures="0" errors="0" time="0.846">
    <testcase time="0.28" classname="dm_unite" name="dm_unite_works_as_expected_with_characters"/>
    <testcase time="0.0089999999999999" classname="dm_unite" name="dm_unite_works_as_expected_with_characters"/>
    <testcase time="0.273" classname="dm_unite" name="dm_unite_works_as_expected_with_factors"/>
    <testcase time="0.00499999999999989" classname="dm_unite" name="dm_unite_works_as_expected_with_factors"/>
    <testcase time="0.00500000000000034" classname="dm_unite" name="dm_unite_works_as_expected_with_factors"/>
    <testcase time="0.264" classname="dm_unite" name="dm_unite_works_as_expected_with_more_than_2_columns"/>
    <testcase time="0.00499999999999989" classname="dm_unite" name="dm_unite_works_as_expected_with_more_than_2_columns"/>
    <testcase time="0.00499999999999989" classname="dm_unite" name="dm_unite_works_as_expected_with_more_than_2_columns"/>
  </testsuite>
  <testsuite name="join_adsub_adsl" timestamp="2023-02-23T16:36:53Z" hostname="9e835dd96515" tests="14" skipped="0" failures="0" errors="0" time="2.834">
    <testcase time="0.705" classname="join_adsub_adsl" name="join_adsub_adsl_works_as_expected_with_default_values"/>
    <testcase time="0.00200000000000022" classname="join_adsub_adsl" name="join_adsub_adsl_works_as_expected_with_default_values"/>
    <testcase time="0.00099999999999989" classname="join_adsub_adsl" name="join_adsub_adsl_works_as_expected_with_default_values"/>
    <testcase time="0.399" classname="join_adsub_adsl" name="join_adsub_adsl_works_as_expected_when_no_column_is_selected"/>
    <testcase time="0.00099999999999989" classname="join_adsub_adsl" name="join_adsub_adsl_works_as_expected_when_no_column_is_selected"/>
    <testcase time="0.00200000000000022" classname="join_adsub_adsl" name="join_adsub_adsl_works_as_expected_when_no_column_is_selected"/>
    <testcase time="0.397" classname="join_adsub_adsl" name="join_adsub_adsl_works_as_expected_when_no_column_is_selected"/>
    <testcase time="0.000999999999999446" classname="join_adsub_adsl" name="join_adsub_adsl_works_as_expected_when_no_column_is_selected"/>
    <testcase time="0.00200000000000067" classname="join_adsub_adsl" name="join_adsub_adsl_works_as_expected_when_no_column_is_selected"/>
    <testcase time="0.393999999999999" classname="join_adsub_adsl" name="join_adsub_adsl_works_as_expected_when_no_column_is_selected"/>
    <testcase time="0.00100000000000033" classname="join_adsub_adsl" name="join_adsub_adsl_works_as_expected_when_no_column_is_selected"/>
    <testcase time="0.00100000000000033" classname="join_adsub_adsl" name="join_adsub_adsl_works_as_expected_when_no_column_is_selected"/>
    <testcase time="0.47" classname="join_adsub_adsl" name="join_adsub_adsl_throw_a_warning_when_column_already_exist_in_adsl."/>
    <testcase time="0.458" classname="join_adsub_adsl" name="join_adsub_adsl_throw_a_warning_when_two_new_columns_would_have_the_same_name."/>
  </testsuite>
  <testsuite name="pivot" timestamp="2023-02-23T16:36:55Z" hostname="9e835dd96515" tests="17" skipped="0" failures="0" errors="0" time="0.127">
    <testcase time="0.0129999999999999" classname="pivot" name="mini_pivot_wider_works_as_expected."/>
    <testcase time="0.00800000000000001" classname="pivot" name="mini_pivot_wider_works_as_expected."/>
    <testcase time="0.00999999999999979" classname="pivot" name="mini_pivot_wider_returns_an_error_when_required_column_are_not_present."/>
    <testcase time="0.00999999999999979" classname="pivot" name="mini_pivot_wider_returns_an_error_when_data_are_duplicated."/>
    <testcase time="0.00800000000000001" classname="pivot" name="multi_pivot_wider_works_as_expected."/>
    <testcase time="0.00400000000000045" classname="pivot" name="multi_pivot_wider_works_as_expected."/>
    <testcase time="0.00800000000000001" classname="pivot" name="multi_pivot_wider_works_as_expected_with_drop_na_argument."/>
    <testcase time="0.00499999999999989" classname="pivot" name="multi_pivot_wider_works_as_expected_with_drop_na_argument."/>
    <testcase time="0.00800000000000001" classname="pivot" name="multi_pivot_wider_works_as_expected_with_drop_na_argument."/>
    <testcase time="0.00399999999999956" classname="pivot" name="multi_pivot_wider_works_as_expected_with_drop_na_argument."/>
    <testcase time="0.0100000000000007" classname="pivot" name="multi_pivot_wider_works_as_expected_when_the_unique_identification_deoends_on_several_columns"/>
    <testcase time="0.00499999999999989" classname="pivot" name="multi_pivot_wider_works_as_expected_when_the_unique_identification_deoends_on_several_columns"/>
    <testcase time="0.00399999999999956" classname="pivot" name="multi_pivot_wider_works_as_expected_when_the_unique_identification_deoends_on_several_columns"/>
    <testcase time="0.0110000000000001" classname="pivot" name="poly_pivot_wider_works_as_expected."/>
    <testcase time="0.00400000000000045" classname="pivot" name="poly_pivot_wider_works_as_expected."/>
    <testcase time="0.0109999999999992" classname="pivot" name="poly_pivot_wider_works_as_expected_with_default_label."/>
    <testcase time="0.00400000000000045" classname="pivot" name="poly_pivot_wider_works_as_expected_with_default_label."/>
  </testsuite>
  <testsuite name="propagate" timestamp="2023-02-23T16:36:55Z" hostname="9e835dd96515" tests="3" skipped="2" failures="0" errors="0" time="0.49">
    <testcase time="0.258" classname="propagate" name="propagate_works_as_expected">
      <skipped message="Reason: On CRAN ('test-propagate.R:16')"/>
    </testcase>
    <testcase time="0.185" classname="propagate" name="propagate_works_as_expected_in_safe_mode"/>
    <testcase time="0.0470000000000006" classname="propagate" name="propagate_works_as_expected_in_safe_mode">
      <skipped message="Reason: On CRAN ('test-propagate.R:35')"/>
    </testcase>
  </testsuite>
  <testsuite name="reformat" timestamp="2023-02-23T16:36:56Z" hostname="9e835dd96515" tests="12" skipped="0" failures="0" errors="0" time="0.104">
    <testcase time="0.0409999999999995" classname="reformat" name="reformat_fails_for_numeric_or_logical"/>
    <testcase time="0.00800000000000001" classname="reformat" name="reformat_for_characters_works_as_expected"/>
    <testcase time="0.00900000000000034" classname="reformat" name="reformat_for_factors_works_as_expected"/>
    <testcase time="0.00399999999999956" classname="reformat" name="reformat_for_factors_works_as_expected"/>
    <testcase time="0.00500000000000078" classname="reformat" name="reformat_for_factors_works_as_expected"/>
    <testcase time="0.00699999999999967" classname="reformat" name="reformat_for_list_works_as_expected"/>
    <testcase time="0.00499999999999989" classname="reformat" name="reformat_for_list_works_as_expected"/>
    <testcase time="0.00400000000000045" classname="reformat" name="reformat_for_list_works_as_expected"/>
    <testcase time="0.00499999999999989" classname="reformat" name="reformat_for_list_works_as_expected"/>
    <testcase time="0.00399999999999956" classname="reformat" name="reformat_for_list_works_as_expected"/>
    <testcase time="0.00800000000000001" classname="reformat" name="empty_rule_do_nothing_to_input"/>
    <testcase time="0.00400000000000045" classname="reformat" name="empty_rule_do_nothing_to_input"/>
  </testsuite>
  <testsuite name="rules" timestamp="2023-02-23T16:36:56Z" hostname="9e835dd96515" tests="26" skipped="3" failures="0" errors="0" time="0.376">
    <testcase time="0.00999999999999979" classname="rules" name="rule_create_works_with_arguments"/>
    <testcase time="0.135" classname="rules" name="rule_create_works_with_arguments"/>
    <testcase time="0.00499999999999989" classname="rules" name="rule_create_works_with_arguments"/>
    <testcase time="0.00499999999999989" classname="rules" name="rule_coerce_logical_numeric_to_character"/>
    <testcase time="0.00800000000000001" classname="rules" name="rule_coerce_logical_numeric_to_character"/>
    <testcase time="0.00100000000000033" classname="rules" name="rule_coerce_logical_numeric_to_character"/>
    <testcase time="0.00800000000000001" classname="rules" name="rule_coerce_logical_numeric_to_character"/>
    <testcase time="0.00399999999999956" classname="rules" name="rule_works_for_multiple_map"/>
    <testcase time="0.00800000000000001" classname="rules" name="rule_works_for_multiple_map"/>
    <testcase time="0.0100000000000007" classname="rules" name="rule_fails_when_one_value_is_mapped_to_multiple"/>
    <testcase time="0.00599999999999934" classname="rules" name="rule_fails_when_one_value_is_mapped_to_multiple"/>
    <testcase time="0.0100000000000007" classname="rules" name="rule_fails_for_values_that_is_not_character_logical_numeric"/>
    <testcase time="0.0259999999999998" classname="rules" name="rule_printed_correctly">
      <skipped message="Reason: On CRAN ('test-rules.R:45')"/>
    </testcase>
    <testcase time="0.0190000000000001" classname="rules" name="emtpy_rule_is_length_0_character"/>
    <testcase time="0.00899999999999945" classname="rules" name="emtpy_rule_printed_correctly">
      <skipped message="Reason: On CRAN ('test-rules.R:55')"/>
    </testcase>
    <testcase time="0.0120000000000005" classname="rules" name="rules_is_a_named_list_of_rule"/>
    <testcase time="0.00600000000000023" classname="rules" name="rules_is_a_named_list_of_rule"/>
    <testcase time="0.00999999999999979" classname="rules" name="rules_failes_if_element_is_not_rule"/>
    <testcase time="0.00899999999999945" classname="rules" name="rules_elements_must_have_different_names"/>
    <testcase time="0.00700000000000056" classname="rules" name="rules_elements_must_have_different_names"/>
    <testcase time="0.0199999999999996" classname="rules" name="rules_printed_correctly">
      <skipped message="Reason: On CRAN ('test-rules.R:85')"/>
    </testcase>
    <testcase time="0.016" classname="rules" name="append_rules_works_as_expected"/>
    <testcase time="0.0100000000000007" classname="rules" name="append_rules_works_as_expected"/>
    <testcase time="0.00999999999999979" classname="rules" name="rules_are_read_and_written_correctly"/>
    <testcase time="0.00699999999999967" classname="rules" name="rules_are_read_and_written_correctly"/>
    <testcase time="0.00499999999999989" classname="rules" name="rules_are_read_and_written_correctly"/>
  </testsuite>
  <testsuite name="utils" timestamp="2023-02-23T16:36:56Z" hostname="9e835dd96515" tests="28" skipped="0" failures="0" errors="0" time="0.223">
    <testcase time="0.0100000000000007" classname="utils" name="h_ws_to_na_works_as_expected."/>
    <testcase time="0.000999999999999446" classname="utils" name="h_ws_to_na_works_as_expected."/>
    <testcase time="0.00199999999999978" classname="utils" name="h_ws_to_na_works_as_expected."/>
    <testcase time="0.00200000000000067" classname="utils" name="h_ws_to_na_works_as_expected."/>
    <testcase time="0.00399999999999956" classname="utils" name="h_ws_to_na_works_as_expected."/>
    <testcase time="0.00600000000000023" classname="utils" name="h_ws_to_explicit_na_works_as_expected."/>
    <testcase time="0.00100000000000033" classname="utils" name="h_ws_to_explicit_na_works_as_expected."/>
    <testcase time="0.00299999999999923" classname="utils" name="h_ws_to_explicit_na_works_as_expected."/>
    <testcase time="0.00100000000000033" classname="utils" name="h_ws_to_explicit_na_works_as_expected."/>
    <testcase time="0.00600000000000023" classname="utils" name="h_as_factor_works_as_expected"/>
    <testcase time="0.00199999999999978" classname="utils" name="h_as_factor_works_as_expected"/>
    <testcase time="0.00399999999999956" classname="utils" name="h_as_factor_works_as_expected"/>
    <testcase time="0.00500000000000078" classname="utils" name="h_as_factor_works_as_expected"/>
    <testcase time="0.00199999999999978" classname="utils" name="h_as_factor_works_as_expected"/>
    <testcase time="0.00199999999999978" classname="utils" name="h_as_factor_works_as_expected"/>
    <testcase time="0.00400000000000045" classname="utils" name="h_as_factor_works_as_expected"/>
    <testcase time="0.00499999999999989" classname="utils" name="h_as_factor_works_as_expected"/>
    <testcase time="0.00300000000000011" classname="utils" name="h_as_factor_works_as_expected"/>
    <testcase time="0.000999999999999446" classname="utils" name="h_as_factor_works_as_expected"/>
    <testcase time="0.00499999999999989" classname="utils" name="h_as_factor_works_as_expected"/>
    <testcase time="0.00400000000000045" classname="utils" name="h_as_factor_works_as_expected"/>
    <testcase time="0.00300000000000011" classname="utils" name="h_as_factor_works_as_expected"/>
    <testcase time="0.000999999999999446" classname="utils" name="h_as_factor_works_as_expected"/>
    <testcase time="0.00499999999999989" classname="utils" name="attr_label_works_as_expected"/>
    <testcase time="0.00400000000000045" classname="utils" name="attr_label_works_as_expected"/>
    <testcase time="0.00699999999999967" classname="utils" name="attr_label_works_as_expected"/>
    <testcase time="0.124" classname="utils" name="attr_label_df_works_as_expected"/>
    <testcase time="0.00600000000000023" classname="utils" name="attr_label_df_works_as_expected"/>
  </testsuite>
</testsuites>
