<?xml version="1.0" encoding="UTF-8"?>
<testsuites>
  <testsuite name="assertions" timestamp="2023-08-11T09:03:38Z" hostname="1457dc72ffc9" tests="14" skipped="0" failures="0" errors="0" time="0.175">
    <testcase time="0.022" classname="assertions" name="assert_valid_format_works_as_expected"/>
    <testcase time="0.0549999999999999" classname="assertions" name="assert_valid_format_works_as_expected"/>
    <testcase time="0.046" classname="assertions" name="assert_valid_format_fails_as_expected"/>
    <testcase time="0.002" classname="assertions" name="assert_valid_format_fails_as_expected"/>
    <testcase time="0.002" classname="assertions" name="assert_valid_format_fails_as_expected"/>
    <testcase time="0.00099999999999989" classname="assertions" name="assert_valid_format_fails_as_expected"/>
    <testcase time="0.002" classname="assertions" name="assert_valid_format_fails_as_expected"/>
    <testcase time="0.012" classname="assertions" name="assert_valid_list_format_works_as_expected"/>
    <testcase time="0.00500000000000012" classname="assertions" name="assert_valid_list_format_works_as_expected"/>
    <testcase time="0.0209999999999999" classname="assertions" name="assert_valid_list_format_fails_as_expected"/>
    <testcase time="0.002" classname="assertions" name="assert_valid_list_format_fails_as_expected"/>
    <testcase time="0.002" classname="assertions" name="assert_valid_list_format_fails_as_expected"/>
    <testcase time="0.00099999999999989" classname="assertions" name="assert_valid_list_format_fails_as_expected"/>
    <testcase time="0.002" classname="assertions" name="assert_valid_list_format_fails_as_expected"/>
  </testsuite>
  <testsuite name="co_relevels" timestamp="2023-08-11T09:03:38Z" hostname="1457dc72ffc9" tests="22" skipped="0" failures="0" errors="0" time="0.235">
    <testcase time="0.038" classname="co_relevels" name="co_relevels_works_as_expected."/>
    <testcase time="0.00600000000000001" classname="co_relevels" name="co_relevels_works_as_expected."/>
    <testcase time="0.00600000000000001" classname="co_relevels" name="co_relevels_works_as_expected."/>
    <testcase time="0.00600000000000001" classname="co_relevels" name="co_relevels_works_as_expected."/>
    <testcase time="0.00600000000000001" classname="co_relevels" name="co_relevels_works_as_expected."/>
    <testcase time="0.02" classname="co_relevels" name="co_relevels_works_as_expected_with_tibbles."/>
    <testcase time="0.00600000000000001" classname="co_relevels" name="co_relevels_works_as_expected_with_tibbles."/>
    <testcase time="0.00600000000000001" classname="co_relevels" name="co_relevels_works_as_expected_with_tibbles."/>
    <testcase time="0.00500000000000012" classname="co_relevels" name="co_relevels_works_as_expected_with_tibbles."/>
    <testcase time="0.00600000000000001" classname="co_relevels" name="co_relevels_works_as_expected_with_tibbles."/>
    <testcase time="0.0129999999999999" classname="co_relevels" name="co_relevels_works_as_expected_when_only_a_subset_of_levels_is_used."/>
    <testcase time="0.00600000000000001" classname="co_relevels" name="co_relevels_works_as_expected_when_only_a_subset_of_levels_is_used."/>
    <testcase time="0.0109999999999999" classname="co_relevels" name="co_relevels_works_as_expected_when_only_a_subset_of_levels_is_used."/>
    <testcase time="0.00700000000000012" classname="co_relevels" name="co_relevels_works_as_expected_when_only_a_subset_of_levels_is_used."/>
    <testcase time="0.00800000000000001" classname="co_relevels" name="co_relevels_works_as_expected_when_only_a_subset_of_levels_is_used."/>
    <testcase time="0.0129999999999999" classname="co_relevels" name="co_relevels_works_as_expected_when_a_supplementary_level_is_used."/>
    <testcase time="0.01" classname="co_relevels" name="co_relevels_works_as_expected_when_a_supplementary_level_is_used."/>
    <testcase time="0.00600000000000001" classname="co_relevels" name="co_relevels_works_as_expected_when_a_supplementary_level_is_used."/>
    <testcase time="0.00600000000000001" classname="co_relevels" name="co_relevels_works_as_expected_when_a_supplementary_level_is_used."/>
    <testcase time="0.00700000000000012" classname="co_relevels" name="co_relevels_works_as_expected_when_a_supplementary_level_is_used."/>
    <testcase time="0.024" classname="co_relevels" name="co_relevels_retuns_an_error_when_the_matching_between_the_selected_column_is_not_unique."/>
    <testcase time="0.0189999999999999" classname="co_relevels" name="co_relevels_retuns_an_error_when_NAs_are_present."/>
  </testsuite>
  <testsuite name="cut_by_group" timestamp="2023-08-11T09:03:38Z" hostname="1457dc72ffc9" tests="14" skipped="0" failures="0" errors="0" time="0.142">
    <testcase time="0.042" classname="cut_by_group" name="cut_by_group_works_as_expected."/>
    <testcase time="0.002" classname="cut_by_group" name="cut_by_group_works_as_expected."/>
    <testcase time="0.00600000000000001" classname="cut_by_group" name="cut_by_group_works_as_expected."/>
    <testcase time="0.00499999999999989" classname="cut_by_group" name="cut_by_group_works_as_expected."/>
    <testcase time="0.014" classname="cut_by_group" name="cut_by_group_works_as_expected_when_supplementary_group_information_are_provided."/>
    <testcase time="0.00100000000000011" classname="cut_by_group" name="cut_by_group_works_as_expected_when_supplementary_group_information_are_provided."/>
    <testcase time="0.00600000000000001" classname="cut_by_group" name="cut_by_group_works_as_expected_when_supplementary_group_information_are_provided."/>
    <testcase time="0.0069999999999999" classname="cut_by_group" name="cut_by_group_works_as_expected_when_supplementary_group_information_are_provided."/>
    <testcase time="0.012" classname="cut_by_group" name="cut_by_group_returns_NA_for_parameters_values_that_are_covered."/>
    <testcase time="0.002" classname="cut_by_group" name="cut_by_group_returns_NA_for_parameters_values_that_are_covered."/>
    <testcase time="0.00600000000000001" classname="cut_by_group" name="cut_by_group_returns_NA_for_parameters_values_that_are_covered."/>
    <testcase time="0.00500000000000012" classname="cut_by_group" name="cut_by_group_returns_NA_for_parameters_values_that_are_covered."/>
    <testcase time="0.00600000000000001" classname="cut_by_group" name="cut_by_group_returns_NA_for_parameters_values_that_are_covered."/>
    <testcase time="0.028" classname="cut_by_group" name="cut_by_group_fails_when_the_number_of_labels_doesn_t_fit_the_number_of_breaks."/>
  </testsuite>
  <testsuite name="explicit_na" timestamp="2023-08-11T09:03:38Z" hostname="1457dc72ffc9" tests="24" skipped="0" failures="0" errors="0" time="0.147">
    <testcase time="0.0539999999999998" classname="explicit_na" name="ls_explicit_na_works_as_expected_with_default_options."/>
    <testcase time="0.002" classname="explicit_na" name="ls_explicit_na_works_as_expected_with_default_options."/>
    <testcase time="0.00100000000000011" classname="explicit_na" name="ls_explicit_na_works_as_expected_with_default_options."/>
    <testcase time="0.002" classname="explicit_na" name="ls_explicit_na_works_as_expected_with_default_options."/>
    <testcase time="0.00099999999999989" classname="explicit_na" name="ls_explicit_na_works_as_expected_with_default_options."/>
    <testcase time="0.00100000000000011" classname="explicit_na" name="ls_explicit_na_works_as_expected_with_default_options."/>
    <testcase time="0.002" classname="explicit_na" name="ls_explicit_na_works_as_expected_with_default_options."/>
    <testcase time="0.00099999999999989" classname="explicit_na" name="ls_explicit_na_works_as_expected_with_default_options."/>
    <testcase time="0.00100000000000011" classname="explicit_na" name="ls_explicit_na_works_as_expected_with_default_options."/>
    <testcase time="0.002" classname="explicit_na" name="ls_explicit_na_works_as_expected_with_default_options."/>
    <testcase time="0.0209999999999999" classname="explicit_na" name="ls_explicit_na_works_as_expected_with_optional_arguments."/>
    <testcase time="0.00900000000000012" classname="explicit_na" name="ls_explicit_na_works_as_expected_with_optional_arguments."/>
    <testcase time="0.00099999999999989" classname="explicit_na" name="ls_explicit_na_works_as_expected_with_optional_arguments."/>
    <testcase time="0.002" classname="explicit_na" name="ls_explicit_na_works_as_expected_with_optional_arguments."/>
    <testcase time="0.00100000000000011" classname="explicit_na" name="ls_explicit_na_works_as_expected_with_optional_arguments."/>
    <testcase time="0.002" classname="explicit_na" name="ls_explicit_na_works_as_expected_with_optional_arguments."/>
    <testcase time="0.00600000000000001" classname="explicit_na" name="ls_explicit_na_works_as_expected_with_optional_arguments."/>
    <testcase time="0.00099999999999989" classname="explicit_na" name="ls_explicit_na_works_as_expected_with_optional_arguments."/>
    <testcase time="0.00600000000000001" classname="explicit_na" name="ls_explicit_na_works_as_expected_with_optional_arguments."/>
    <testcase time="0.002" classname="explicit_na" name="ls_explicit_na_works_as_expected_with_optional_arguments."/>
    <testcase time="0.00100000000000011" classname="explicit_na" name="ls_explicit_na_works_as_expected_with_optional_arguments."/>
    <testcase time="0.002" classname="explicit_na" name="ls_explicit_na_works_as_expected_with_optional_arguments."/>
    <testcase time="0.0199999999999998" classname="explicit_na" name="ls_explicit_na_skip_if_all_datasets_excluded"/>
    <testcase time="0.00600000000000001" classname="explicit_na" name="ls_explicit_na_skip_if_all_datasets_excluded"/>
  </testsuite>
  <testsuite name="filter" timestamp="2023-08-11T09:03:38Z" hostname="1457dc72ffc9" tests="69" skipped="0" failures="0" errors="0" time="0.62">
    <testcase time="0.0250000000000001" classname="filter" name="log_filter.data.frame_works_as_expected"/>
    <testcase time="0.01" classname="filter" name="log_filter.data.frame_works_as_expected"/>
    <testcase time="0.00600000000000001" classname="filter" name="log_filter.data.frame_works_as_expected"/>
    <testcase time="0.00499999999999989" classname="filter" name="log_filter.data.frame_works_as_expected"/>
    <testcase time="0.00800000000000001" classname="filter" name="log_filter.data.frame_works_as_expected"/>
    <testcase time="0.00900000000000012" classname="filter" name="log_filter.data.frame_works_as_expected"/>
    <testcase time="0.00499999999999989" classname="filter" name="log_filter.data.frame_works_as_expected"/>
    <testcase time="0.00900000000000012" classname="filter" name="log_filter.data.frame_works_as_expected"/>
    <testcase time="0.00600000000000001" classname="filter" name="log_filter.data.frame_works_as_expected"/>
    <testcase time="0.0269999999999999" classname="filter" name="log_filter.data.frame_fails_if_variable_outside_data_environment"/>
    <testcase time="0.0069999999999999" classname="filter" name="log_filter.data.frame_fails_if_variable_outside_data_environment"/>
    <testcase time="0.0150000000000001" classname="filter" name="log_filter.list_works_as_expected"/>
    <testcase time="0.00800000000000001" classname="filter" name="log_filter.list_works_as_expected"/>
    <testcase time="0.0069999999999999" classname="filter" name="log_filter.list_works_as_expected"/>
    <testcase time="0.00600000000000001" classname="filter" name="log_filter.list_works_as_expected"/>
    <testcase time="0.01" classname="filter" name="log_filter.list_works_as_expected"/>
    <testcase time="0.00600000000000001" classname="filter" name="log_filter.list_works_as_expected"/>
    <testcase time="0.00900000000000012" classname="filter" name="log_filter.list_works_as_expected"/>
    <testcase time="0.00600000000000001" classname="filter" name="log_filter.list_works_as_expected"/>
    <testcase time="0.02" classname="filter" name="log_filter.list_subsets_USUBJID"/>
    <testcase time="0.0139999999999998" classname="filter" name="log_filter.list_subsets_USUBJID"/>
    <testcase time="0.00600000000000023" classname="filter" name="log_filter.list_subsets_USUBJID"/>
    <testcase time="0.00599999999999978" classname="filter" name="log_filter.list_subsets_USUBJID"/>
    <testcase time="0.00600000000000023" classname="filter" name="log_filter.list_subsets_USUBJID"/>
    <testcase time="0.00800000000000001" classname="filter" name="log_filter.list_subsets_USUBJID"/>
    <testcase time="0.00599999999999978" classname="filter" name="log_filter.list_subsets_USUBJID"/>
    <testcase time="0.024" classname="filter" name="log_filter.list_preserves_label_attribute_in_all_tables"/>
    <testcase time="0.00800000000000001" classname="filter" name="log_filter.list_preserves_label_attribute_in_all_tables"/>
    <testcase time="0.00700000000000012" classname="filter" name="log_filter.list_preserves_label_attribute_in_all_tables"/>
    <testcase time="0.00499999999999989" classname="filter" name="log_filter.list_preserves_label_attribute_in_all_tables"/>
    <testcase time="0.00600000000000023" classname="filter" name="log_filter.list_preserves_label_attribute_in_all_tables"/>
    <testcase time="0.00599999999999978" classname="filter" name="log_filter.list_preserves_label_attribute_in_all_tables"/>
    <testcase time="0.0150000000000001" classname="filter" name="log_filter_works_with_long_conditions"/>
    <testcase time="0.0129999999999999" classname="filter" name="log_filter_works_with_long_conditions"/>
    <testcase time="0.0180000000000002" classname="filter" name="get_log_works_as_expected"/>
    <testcase time="0.00299999999999967" classname="filter" name="get_log_works_as_expected"/>
    <testcase time="0.00600000000000023" classname="filter" name="get_log_works_as_expected"/>
    <testcase time="0.00599999999999978" classname="filter" name="get_log_works_as_expected"/>
    <testcase time="0.00600000000000023" classname="filter" name="get_log_works_as_expected"/>
    <testcase time="0.00299999999999967" classname="filter" name="get_log_works_as_expected"/>
    <testcase time="0.00600000000000023" classname="filter" name="get_log_works_as_expected"/>
    <testcase time="0.00800000000000001" classname="filter" name="get_log_works_as_expected"/>
    <testcase time="0.0179999999999998" classname="filter" name="get_log_works_as_expected_when_incl.adsl_FALSE"/>
    <testcase time="0.00300000000000011" classname="filter" name="get_log_works_as_expected_when_incl.adsl_FALSE"/>
    <testcase time="0.00600000000000023" classname="filter" name="get_log_works_as_expected_when_incl.adsl_FALSE"/>
    <testcase time="0.00599999999999978" classname="filter" name="get_log_works_as_expected_when_incl.adsl_FALSE"/>
    <testcase time="0.0209999999999999" classname="filter" name="get_log_works_as_expected_with_suffix"/>
    <testcase time="0.00300000000000011" classname="filter" name="get_log_works_as_expected_with_suffix"/>
    <testcase time="0.00600000000000023" classname="filter" name="get_log_works_as_expected_with_suffix"/>
    <testcase time="0.00699999999999967" classname="filter" name="get_log_works_as_expected_with_suffix"/>
    <testcase time="0.00500000000000034" classname="filter" name="get_log_works_as_expected_with_suffix"/>
    <testcase time="0.004" classname="filter" name="get_log_works_as_expected_with_suffix"/>
    <testcase time="0.00599999999999978" classname="filter" name="get_log_works_as_expected_with_suffix"/>
    <testcase time="0.00600000000000023" classname="filter" name="get_log_works_as_expected_with_suffix"/>
    <testcase time="0.0169999999999999" classname="filter" name="print_log.list_works_as_expected"/>
    <testcase time="0.00999999999999979" classname="filter" name="print_log.list_works_as_expected"/>
    <testcase time="0.00600000000000023" classname="filter" name="print_log.list_works_as_expected"/>
    <testcase time="0.00699999999999967" classname="filter" name="print_log.list_works_as_expected"/>
    <testcase time="0.02" classname="filter" name="print_log.list_works_as_expect_when_no_filtering_is_performed"/>
    <testcase time="0.00700000000000012" classname="filter" name="print_log.list_works_as_expect_when_no_filtering_is_performed"/>
    <testcase time="0.00600000000000023" classname="filter" name="print_log.list_works_as_expect_when_no_filtering_is_performed"/>
    <testcase time="0.00699999999999967" classname="filter" name="print_log.list_works_as_expect_when_no_filtering_is_performed"/>
    <testcase time="0.00700000000000012" classname="filter" name="print_log.list_works_as_expect_when_no_filtering_is_performed"/>
    <testcase time="0.00600000000000023" classname="filter" name="print_log.list_works_as_expect_when_no_filtering_is_performed"/>
    <testcase time="0.00699999999999967" classname="filter" name="print_log.list_works_as_expect_when_no_filtering_is_performed"/>
    <testcase time="0.0170000000000003" classname="filter" name="print_log.data.frame_works_as_expected"/>
    <testcase time="0.00699999999999967" classname="filter" name="print_log.data.frame_works_as_expected"/>
    <testcase time="0.00700000000000012" classname="filter" name="print_log.data.frame_works_as_expected"/>
    <testcase time="0.00800000000000001" classname="filter" name="print_log.data.frame_works_as_expected"/>
  </testsuite>
  <testsuite name="join_adsub_adsl" timestamp="2023-08-11T09:03:39Z" hostname="1457dc72ffc9" tests="15" skipped="0" failures="0" errors="0" time="0.191">
    <testcase time="0.0419999999999998" classname="join_adsub_adsl" name="join_adsub_adsl.list_works_as_expected_with_default_values"/>
    <testcase time="0.00100000000000033" classname="join_adsub_adsl" name="join_adsub_adsl.list_works_as_expected_with_default_values"/>
    <testcase time="0.00199999999999978" classname="join_adsub_adsl" name="join_adsub_adsl.list_works_as_expected_with_default_values"/>
    <testcase time="0.00700000000000012" classname="join_adsub_adsl" name="join_adsub_adsl.list_works_as_expected_with_default_values"/>
    <testcase time="0.00599999999999978" classname="join_adsub_adsl" name="join_adsub_adsl.list_works_as_expected_with_default_values"/>
    <testcase time="0.0260000000000002" classname="join_adsub_adsl" name="join_adsub_adsl.list_works_as_expected_when_no_column_is_selected"/>
    <testcase time="0.00099999999999989" classname="join_adsub_adsl" name="join_adsub_adsl.list_works_as_expected_when_no_column_is_selected"/>
    <testcase time="0.00100000000000033" classname="join_adsub_adsl" name="join_adsub_adsl.list_works_as_expected_when_no_column_is_selected"/>
    <testcase time="0.0179999999999998" classname="join_adsub_adsl" name="join_adsub_adsl.list_works_as_expected_when_no_column_is_selected"/>
    <testcase time="0.00200000000000022" classname="join_adsub_adsl" name="join_adsub_adsl.list_works_as_expected_when_no_column_is_selected"/>
    <testcase time="0.00099999999999989" classname="join_adsub_adsl" name="join_adsub_adsl.list_works_as_expected_when_no_column_is_selected"/>
    <testcase time="0.0169999999999999" classname="join_adsub_adsl" name="join_adsub_adsl.list_works_as_expected_when_no_column_is_selected"/>
    <testcase time="0.00099999999999989" classname="join_adsub_adsl" name="join_adsub_adsl.list_works_as_expected_when_no_column_is_selected"/>
    <testcase time="0.00200000000000022" classname="join_adsub_adsl" name="join_adsub_adsl.list_works_as_expected_when_no_column_is_selected"/>
    <testcase time="0.0640000000000001" classname="join_adsub_adsl" name="join_adsub_adsl.list_throw_a_warning_when_column_already_exist_in_adsl."/>
  </testsuite>
  <testsuite name="pivot" timestamp="2023-08-11T09:03:39Z" hostname="1457dc72ffc9" tests="17" skipped="0" failures="0" errors="0" time="0.225">
    <testcase time="0.0209999999999999" classname="pivot" name="mini_pivot_wider_works_as_expected."/>
    <testcase time="0.00700000000000012" classname="pivot" name="mini_pivot_wider_works_as_expected."/>
    <testcase time="0.0179999999999998" classname="pivot" name="mini_pivot_wider_returns_an_error_when_required_column_are_not_present."/>
    <testcase time="0.0190000000000001" classname="pivot" name="mini_pivot_wider_returns_an_error_when_data_are_duplicated."/>
    <testcase time="0.0209999999999999" classname="pivot" name="multi_pivot_wider_works_as_expected."/>
    <testcase time="0.00700000000000012" classname="pivot" name="multi_pivot_wider_works_as_expected."/>
    <testcase time="0.016" classname="pivot" name="multi_pivot_wider_works_as_expected_with_drop_na_argument."/>
    <testcase time="0.00599999999999978" classname="pivot" name="multi_pivot_wider_works_as_expected_with_drop_na_argument."/>
    <testcase time="0.016" classname="pivot" name="multi_pivot_wider_works_as_expected_with_drop_na_argument."/>
    <testcase time="0.00499999999999989" classname="pivot" name="multi_pivot_wider_works_as_expected_with_drop_na_argument."/>
    <testcase time="0.0210000000000004" classname="pivot" name="multi_pivot_wider_works_as_expected_when_the_unique_identification_deoends_on_several_columns"/>
    <testcase time="0.00699999999999967" classname="pivot" name="multi_pivot_wider_works_as_expected_when_the_unique_identification_deoends_on_several_columns"/>
    <testcase time="0.00600000000000023" classname="pivot" name="multi_pivot_wider_works_as_expected_when_the_unique_identification_deoends_on_several_columns"/>
    <testcase time="0.024" classname="pivot" name="poly_pivot_wider_works_as_expected."/>
    <testcase time="0.00599999999999978" classname="pivot" name="poly_pivot_wider_works_as_expected."/>
    <testcase time="0.0180000000000002" classname="pivot" name="poly_pivot_wider_works_as_expected_with_default_label."/>
    <testcase time="0.00699999999999967" classname="pivot" name="poly_pivot_wider_works_as_expected_with_default_label."/>
  </testsuite>
  <testsuite name="propagate" timestamp="2023-08-11T09:03:39Z" hostname="1457dc72ffc9" tests="3" skipped="2" failures="0" errors="0" time="0.173">
    <testcase time="0.0920000000000001" classname="propagate" name="propagate.list_works_as_expected">
      <skipped message="Reason: On CRAN ('test-propagate.R:20:3')"/>
    </testcase>
    <testcase time="0.0670000000000002" classname="propagate" name="propagate.list_works_as_expected_in_safe_mode"/>
    <testcase time="0.0139999999999998" classname="propagate" name="propagate.list_works_as_expected_in_safe_mode">
      <skipped message="Reason: On CRAN ('test-propagate.R:48:3')"/>
    </testcase>
  </testsuite>
  <testsuite name="reformat" timestamp="2023-08-11T09:03:40Z" hostname="1457dc72ffc9" tests="36" skipped="0" failures="0" errors="0" time="0.479">
    <testcase time="0.0680000000000001" classname="reformat" name="reformat_fails_for_numeric_or_logical"/>
    <testcase time="0.0169999999999999" classname="reformat" name="reformat_for_characters_works_as_expected_when_.string_as_fct_is_FALSE"/>
    <testcase time="0.0150000000000001" classname="reformat" name="reformat_for_characters_works_as_expected_when_.to_NA_is_NULL"/>
    <testcase time="0.0220000000000002" classname="reformat" name="reformat_for_characters_works_as_expected_when_.to_NA_is_not_NULL"/>
    <testcase time="0.0149999999999997" classname="reformat" name=".to_NA_attribute_of_rule_is_used_if_not_specified_in_reformat"/>
    <testcase time="0.0150000000000001" classname="reformat" name="setting_.to_NA_to_NULL_in_reformat_prevents_conversion_to_NA_specified_in_rule"/>
    <testcase time="0.0150000000000001" classname="reformat" name="reformat_arguments_have_priorities_over_the_rule_attributes"/>
    <testcase time="0.016" classname="reformat" name="reformat_for_characters_works_as_expected_when_.string_as_fct_is_TRUE"/>
    <testcase time="0.0249999999999999" classname="reformat" name="reformat_for_characters_works_as_expected_when_.string_as_fct_is_TRUE_and_.na_last_is_false"/>
    <testcase time="0.00800000000000001" classname="reformat" name="reformat_for_characters_works_as_expected_when_.string_as_fct_is_TRUE_and_.na_last_is_false"/>
    <testcase time="0.0169999999999999" classname="reformat" name="reformat_for_factors_works_as_expected"/>
    <testcase time="0.00700000000000012" classname="reformat" name="reformat_for_factors_works_as_expected"/>
    <testcase time="0.00700000000000012" classname="reformat" name="reformat_for_factors_works_as_expected"/>
    <testcase time="0.00699999999999967" classname="reformat" name="reformat_for_factors_works_as_expected"/>
    <testcase time="0.0130000000000003" classname="reformat" name="reformat_factor_works_as_expected_when_the_level_doesn_t_exist"/>
    <testcase time="0.00599999999999978" classname="reformat" name="reformat_factor_works_as_expected_when_the_level_doesn_t_exist"/>
    <testcase time="0.0209999999999999" classname="reformat" name="reformat_factor_works_as_expected_when_the_level_doesn_t_exist_and_.drop_TRUE"/>
    <testcase time="0.00900000000000034" classname="reformat" name="reformat_factor_works_as_expected_when_the_level_doesn_t_exist_and_.drop_TRUE"/>
    <testcase time="0.004" classname="reformat" name="reformat_factor_works_as_expected_when_the_level_doesn_t_exist_and_.drop_TRUE"/>
    <testcase time="0.00699999999999967" classname="reformat" name="reformat_factor_works_as_expected_when_the_level_doesn_t_exist_and_.drop_TRUE"/>
    <testcase time="0.0140000000000002" classname="reformat" name="reformat_factor_works_as_expected_when_.na_last_FALSE"/>
    <testcase time="0.00599999999999978" classname="reformat" name="reformat_factor_works_as_expected_when_.na_last_FALSE"/>
    <testcase time="0.012" classname="reformat" name="reformat_factor_works_as_expected_when_.to_NA_is_NULL"/>
    <testcase time="0.0129999999999999" classname="reformat" name="reformat_factor_works_as_expected_when_.to_NA_is_not_NULL"/>
    <testcase time="0.00600000000000023" classname="reformat" name="reformat_factor_works_as_expected_when_.to_NA_is_not_NULL"/>
    <testcase time="0.0129999999999999" classname="reformat" name="reformat_factor_works_as_expected_when_.to_NA_is_passed_via_a_rule"/>
    <testcase time="0.012" classname="reformat" name="reformat_factor_works_as_expected_when_.to_NA_is_passed_via_a_rule"/>
    <testcase time="0.0140000000000002" classname="reformat" name="reformat_factor_works_as_expected_when_the_level_doesn_t_exist_and_.na_last_is_false."/>
    <testcase time="0.00800000000000001" classname="reformat" name="reformat_factor_works_as_expected_when_the_level_doesn_t_exist_and_.na_last_is_false."/>
    <testcase time="0.0179999999999998" classname="reformat" name="reformat_for_list_works_as_expected"/>
    <testcase time="0.00599999999999978" classname="reformat" name="reformat_for_list_works_as_expected"/>
    <testcase time="0.00600000000000023" classname="reformat" name="reformat_for_list_works_as_expected"/>
    <testcase time="0.00499999999999989" classname="reformat" name="reformat_for_list_works_as_expected"/>
    <testcase time="0.00600000000000023" classname="reformat" name="reformat_for_list_works_as_expected"/>
    <testcase time="0.0139999999999998" classname="reformat" name="reformat_for_list_works_as_does_not_change_the_data_for_no_rules"/>
    <testcase time="0.012" classname="reformat" name="reformat_for_list_works_as_does_not_change_the_data_for_no_rules"/>
  </testsuite>
  <testsuite name="render_safe" timestamp="2023-08-11T09:03:40Z" hostname="1457dc72ffc9" tests="11" skipped="0" failures="0" errors="0" time="0.11">
    <testcase time="0.024" classname="render_safe" name="safe_transformer_works_as_expected"/>
    <testcase time="0.00800000000000001" classname="render_safe" name="safe_transformer_works_as_expected"/>
    <testcase time="0.00600000000000023" classname="render_safe" name="safe_transformer_works_as_expected"/>
    <testcase time="0.0150000000000001" classname="render_safe" name="add_whisker_and_remove_whisker_works"/>
    <testcase time="0.00599999999999978" classname="render_safe" name="add_whisker_and_remove_whisker_works"/>
    <testcase time="0.00600000000000023" classname="render_safe" name="add_whisker_and_remove_whisker_works"/>
    <testcase time="0.00599999999999978" classname="render_safe" name="add_whisker_and_remove_whisker_works"/>
    <testcase time="0.0150000000000001" classname="render_safe" name="render_safe_works"/>
    <testcase time="0.0109999999999997" classname="render_safe" name="render_safe_works"/>
    <testcase time="0.00700000000000012" classname="render_safe" name="render_safe_works"/>
    <testcase time="0.00600000000000023" classname="render_safe" name="render_safe_works"/>
  </testsuite>
  <testsuite name="rules" timestamp="2023-08-11T09:03:40Z" hostname="1457dc72ffc9" tests="26" skipped="1" failures="0" errors="0" time="0.662">
    <testcase time="0.016" classname="rules" name="rule_create_works_with_arguments"/>
    <testcase time="0.198" classname="rules" name="rule_create_works_with_arguments"/>
    <testcase time="0.00600000000000023" classname="rules" name="rule_create_works_with_arguments"/>
    <testcase time="0.00999999999999979" classname="rules" name="rule_coerce_NA_to_NA_character_"/>
    <testcase time="0.133" classname="rules" name="rule_coerce_NA_to_NA_character_"/>
    <testcase time="0.0110000000000001" classname="rules" name="rule_works_for_multiple_map"/>
    <testcase time="0.0129999999999999" classname="rules" name="rule_works_for_multiple_map"/>
    <testcase time="0.0210000000000004" classname="rules" name="rule_fails_when_one_value_is_mapped_to_multiple"/>
    <testcase time="0.00899999999999945" classname="rules" name="rule_fails_when_one_value_is_mapped_to_multiple"/>
    <testcase time="0.0209999999999999" classname="rules" name="rule_fails_for_values_that_is_not_character_logical_numeric"/>
    <testcase time="0.0529999999999999" classname="rules" name="rule_printed_correctly">
      <skipped message="Reason: On CRAN ('test-rules.R:42:3')"/>
    </testcase>
    <testcase time="0.0289999999999999" classname="rules" name="list2rules_works_as_expected"/>
    <testcase time="0.00200000000000067" classname="rules" name="list2rules_works_as_expected"/>
    <testcase time="0.00599999999999934" classname="rules" name="list2rules_works_as_expected"/>
    <testcase time="0.0150000000000006" classname="rules" name="list2rules_works_as_expected_with_additional_arguments"/>
    <testcase time="0.00199999999999978" classname="rules" name="list2rules_works_as_expected_with_additional_arguments"/>
    <testcase time="0.00699999999999967" classname="rules" name="list2rules_works_as_expected_with_additional_arguments"/>
    <testcase time="0.0100000000000007" classname="rules" name="list2rules_works_as_expected_with_additional_arguments"/>
    <testcase time="0.00699999999999967" classname="rules" name="list2rules_works_as_expected_with_additional_arguments"/>
    <testcase time="0.00900000000000034" classname="rules" name="list2rules_works_as_expected_with_additional_arguments"/>
    <testcase time="0.0279999999999996" classname="rules" name="list2rules_fails_as_expected"/>
    <testcase time="0.00300000000000011" classname="rules" name="list2rules_fails_as_expected"/>
    <testcase time="0.00100000000000033" classname="rules" name="list2rules_fails_as_expected"/>
    <testcase time="0.0179999999999998" classname="rules" name="as.list_convert_rules_into_list_correctly"/>
    <testcase time="0.0169999999999995" classname="rules" name="as.list_and_rule_are_reversible"/>
    <testcase time="0.0170000000000003" classname="rules" name="as.list_and_rule_are_reversible_when_.to_NA_is_NULL"/>
  </testsuite>
  <testsuite name="unite" timestamp="2023-08-11T09:03:41Z" hostname="1457dc72ffc9" tests="7" skipped="0" failures="0" errors="0" time="0.095">
    <testcase time="0.0289999999999999" classname="unite" name="ls_unite_works_as_expected_with_factors"/>
    <testcase time="0.00600000000000023" classname="unite" name="ls_unite_works_as_expected_with_factors"/>
    <testcase time="0.0119999999999996" classname="unite" name="ls_unite_works_as_expected_with_factors"/>
    <testcase time="0.0190000000000001" classname="unite" name="ls_unite_works_as_expected_with_character"/>
    <testcase time="0.00600000000000023" classname="unite" name="ls_unite_works_as_expected_with_character"/>
    <testcase time="0.0170000000000003" classname="unite" name="ls_unite_works_as_expected_with_more_than_2_columns"/>
    <testcase time="0.00599999999999934" classname="unite" name="ls_unite_works_as_expected_with_more_than_2_columns"/>
  </testsuite>
  <testsuite name="utils" timestamp="2023-08-11T09:03:41Z" hostname="1457dc72ffc9" tests="30" skipped="0" failures="0" errors="0" time="0.186">
    <testcase time="0.016" classname="utils" name="h_ws_to_na_works_as_expected."/>
    <testcase time="0.00100000000000033" classname="utils" name="h_ws_to_na_works_as_expected."/>
    <testcase time="0.00300000000000011" classname="utils" name="h_ws_to_na_works_as_expected."/>
    <testcase time="0.000999999999999446" classname="utils" name="h_ws_to_na_works_as_expected."/>
    <testcase time="0.00600000000000023" classname="utils" name="h_ws_to_na_works_as_expected."/>
    <testcase time="0.0120000000000005" classname="utils" name="h_ws_to_explicit_na_works_as_expected."/>
    <testcase time="0.000999999999999446" classname="utils" name="h_ws_to_explicit_na_works_as_expected."/>
    <testcase time="0.00300000000000011" classname="utils" name="h_ws_to_explicit_na_works_as_expected."/>
    <testcase time="0.00199999999999978" classname="utils" name="h_ws_to_explicit_na_works_as_expected."/>
    <testcase time="0.0120000000000005" classname="utils" name="h_ws_to_explicit_na_do_not_add_NA_level_when_it_do_not_exist"/>
    <testcase time="0.00699999999999967" classname="utils" name="h_ws_to_explicit_na_do_not_add_NA_level_when_it_do_not_exist"/>
    <testcase time="0.0190000000000001" classname="utils" name="h_as_factor_works_as_expected"/>
    <testcase time="0.00199999999999978" classname="utils" name="h_as_factor_works_as_expected"/>
    <testcase time="0.00600000000000023" classname="utils" name="h_as_factor_works_as_expected"/>
    <testcase time="0.00499999999999989" classname="utils" name="h_as_factor_works_as_expected"/>
    <testcase time="0.00400000000000045" classname="utils" name="h_as_factor_works_as_expected"/>
    <testcase time="0.000999999999999446" classname="utils" name="h_as_factor_works_as_expected"/>
    <testcase time="0.00600000000000023" classname="utils" name="h_as_factor_works_as_expected"/>
    <testcase time="0.00499999999999989" classname="utils" name="h_as_factor_works_as_expected"/>
    <testcase time="0.00400000000000045" classname="utils" name="h_as_factor_works_as_expected"/>
    <testcase time="0.000999999999999446" classname="utils" name="h_as_factor_works_as_expected"/>
    <testcase time="0.00600000000000023" classname="utils" name="h_as_factor_works_as_expected"/>
    <testcase time="0.00600000000000023" classname="utils" name="h_as_factor_works_as_expected"/>
    <testcase time="0.00300000000000011" classname="utils" name="h_as_factor_works_as_expected"/>
    <testcase time="0.000999999999999446" classname="utils" name="h_as_factor_works_as_expected"/>
    <testcase time="0.0100000000000007" classname="utils" name="attr_label_works_as_expected"/>
    <testcase time="0.00699999999999967" classname="utils" name="attr_label_works_as_expected"/>
    <testcase time="0.00800000000000001" classname="utils" name="attr_label_works_as_expected"/>
    <testcase time="0.0179999999999998" classname="utils" name="attr_label_df_works_as_expected"/>
    <testcase time="0.00999999999999979" classname="utils" name="attr_label_df_works_as_expected"/>
  </testsuite>
</testsuites>
