<?xml version="1.0" encoding="UTF-8"?>
<testsuites>
  <testsuite name="co_relevels" timestamp="2023-02-09T06:56:52Z" hostname="cac8e3b341ba" tests="22" skipped="0" failures="0" errors="0" time="0.152">
    <testcase time="0.016" classname="co_relevels" name="co_relevels_works_as_expected."/>
    <testcase time="0.0290000000000001" classname="co_relevels" name="co_relevels_works_as_expected."/>
    <testcase time="0.01" classname="co_relevels" name="co_relevels_works_as_expected."/>
    <testcase time="0.004" classname="co_relevels" name="co_relevels_works_as_expected."/>
    <testcase time="0.00299999999999989" classname="co_relevels" name="co_relevels_works_as_expected."/>
    <testcase time="0.01" classname="co_relevels" name="co_relevels_works_as_expected_with_tibbles."/>
    <testcase time="0.004" classname="co_relevels" name="co_relevels_works_as_expected_with_tibbles."/>
    <testcase time="0.00600000000000001" classname="co_relevels" name="co_relevels_works_as_expected_with_tibbles."/>
    <testcase time="0.00299999999999989" classname="co_relevels" name="co_relevels_works_as_expected_with_tibbles."/>
    <testcase time="0.004" classname="co_relevels" name="co_relevels_works_as_expected_with_tibbles."/>
    <testcase time="0.00500000000000012" classname="co_relevels" name="co_relevels_works_as_expected_when_only_a_subset_of_levels_is_used."/>
    <testcase time="0.00299999999999989" classname="co_relevels" name="co_relevels_works_as_expected_when_only_a_subset_of_levels_is_used."/>
    <testcase time="0.00299999999999989" classname="co_relevels" name="co_relevels_works_as_expected_when_only_a_subset_of_levels_is_used."/>
    <testcase time="0.004" classname="co_relevels" name="co_relevels_works_as_expected_when_only_a_subset_of_levels_is_used."/>
    <testcase time="0.00300000000000011" classname="co_relevels" name="co_relevels_works_as_expected_when_only_a_subset_of_levels_is_used."/>
    <testcase time="0.00499999999999989" classname="co_relevels" name="co_relevels_works_as_expected_when_a_supplementary_level_is_used."/>
    <testcase time="0.00600000000000001" classname="co_relevels" name="co_relevels_works_as_expected_when_a_supplementary_level_is_used."/>
    <testcase time="0.004" classname="co_relevels" name="co_relevels_works_as_expected_when_a_supplementary_level_is_used."/>
    <testcase time="0.00300000000000011" classname="co_relevels" name="co_relevels_works_as_expected_when_a_supplementary_level_is_used."/>
    <testcase time="0.004" classname="co_relevels" name="co_relevels_works_as_expected_when_a_supplementary_level_is_used."/>
    <testcase time="0.0109999999999999" classname="co_relevels" name="co_relevels_retuns_an_error_when_the_matching_between_the_selected_column_is_not_unique."/>
    <testcase time="0.012" classname="co_relevels" name="co_relevels_retuns_an_error_when_NAs_are_present."/>
  </testsuite>
  <testsuite name="cut_by_group" timestamp="2023-02-09T06:56:52Z" hostname="cac8e3b341ba" tests="14" skipped="0" failures="0" errors="0" time="0.087">
    <testcase time="0.016" classname="cut_by_group" name="cut_by_group_works_as_expected."/>
    <testcase time="0.002" classname="cut_by_group" name="cut_by_group_works_as_expected."/>
    <testcase time="0.00300000000000011" classname="cut_by_group" name="cut_by_group_works_as_expected."/>
    <testcase time="0.00299999999999989" classname="cut_by_group" name="cut_by_group_works_as_expected."/>
    <testcase time="0.00600000000000001" classname="cut_by_group" name="cut_by_group_works_as_expected_when_supplementary_group_information_are_provided."/>
    <testcase time="0.00100000000000011" classname="cut_by_group" name="cut_by_group_works_as_expected_when_supplementary_group_information_are_provided."/>
    <testcase time="0.00600000000000001" classname="cut_by_group" name="cut_by_group_works_as_expected_when_supplementary_group_information_are_provided."/>
    <testcase time="0.00299999999999989" classname="cut_by_group" name="cut_by_group_works_as_expected_when_supplementary_group_information_are_provided."/>
    <testcase time="0.00499999999999989" classname="cut_by_group" name="cut_by_group_returns_NA_for_parameters_values_that_are_covered."/>
    <testcase time="0.00100000000000011" classname="cut_by_group" name="cut_by_group_returns_NA_for_parameters_values_that_are_covered."/>
    <testcase time="0.004" classname="cut_by_group" name="cut_by_group_returns_NA_for_parameters_values_that_are_covered."/>
    <testcase time="0.00299999999999989" classname="cut_by_group" name="cut_by_group_returns_NA_for_parameters_values_that_are_covered."/>
    <testcase time="0.004" classname="cut_by_group" name="cut_by_group_returns_NA_for_parameters_values_that_are_covered."/>
    <testcase time="0.03" classname="cut_by_group" name="cut_by_group_fails_when_the_number_of_labels_doesn_t_fit_the_number_of_breaks."/>
  </testsuite>
  <testsuite name="dm_explicit_na" timestamp="2023-02-09T06:56:52Z" hostname="cac8e3b341ba" tests="21" skipped="0" failures="0" errors="0" time="0.408">
    <testcase time="0.239" classname="dm_explicit_na" name="dm_explicit_na_works_as_expected_with_default_options."/>
    <testcase time="0.002" classname="dm_explicit_na" name="dm_explicit_na_works_as_expected_with_default_options."/>
    <testcase time="0.00099999999999989" classname="dm_explicit_na" name="dm_explicit_na_works_as_expected_with_default_options."/>
    <testcase time="0.00100000000000011" classname="dm_explicit_na" name="dm_explicit_na_works_as_expected_with_default_options."/>
    <testcase time="0.00099999999999989" classname="dm_explicit_na" name="dm_explicit_na_works_as_expected_with_default_options."/>
    <testcase time="0.002" classname="dm_explicit_na" name="dm_explicit_na_works_as_expected_with_default_options."/>
    <testcase time="0.00100000000000011" classname="dm_explicit_na" name="dm_explicit_na_works_as_expected_with_default_options."/>
    <testcase time="0.00099999999999989" classname="dm_explicit_na" name="dm_explicit_na_works_as_expected_with_default_options."/>
    <testcase time="0.00100000000000011" classname="dm_explicit_na" name="dm_explicit_na_works_as_expected_with_default_options."/>
    <testcase time="0.141" classname="dm_explicit_na" name="dm_explicit_na_works_as_expected_with_optional_arguments."/>
    <testcase time="0.004" classname="dm_explicit_na" name="dm_explicit_na_works_as_expected_with_optional_arguments."/>
    <testcase time="0.00099999999999989" classname="dm_explicit_na" name="dm_explicit_na_works_as_expected_with_optional_arguments."/>
    <testcase time="0.002" classname="dm_explicit_na" name="dm_explicit_na_works_as_expected_with_optional_arguments."/>
    <testcase time="0.00100000000000011" classname="dm_explicit_na" name="dm_explicit_na_works_as_expected_with_optional_arguments."/>
    <testcase time="0.00099999999999989" classname="dm_explicit_na" name="dm_explicit_na_works_as_expected_with_optional_arguments."/>
    <testcase time="0.00100000000000011" classname="dm_explicit_na" name="dm_explicit_na_works_as_expected_with_optional_arguments."/>
    <testcase time="0.00099999999999989" classname="dm_explicit_na" name="dm_explicit_na_works_as_expected_with_optional_arguments."/>
    <testcase time="0.004" classname="dm_explicit_na" name="dm_explicit_na_works_as_expected_with_optional_arguments."/>
    <testcase time="0.00100000000000011" classname="dm_explicit_na" name="dm_explicit_na_works_as_expected_with_optional_arguments."/>
    <testcase time="0.00099999999999989" classname="dm_explicit_na" name="dm_explicit_na_works_as_expected_with_optional_arguments."/>
    <testcase time="0.00100000000000011" classname="dm_explicit_na" name="dm_explicit_na_works_as_expected_with_optional_arguments."/>
  </testsuite>
  <testsuite name="dm_unite" timestamp="2023-02-09T06:56:52Z" hostname="cac8e3b341ba" tests="8" skipped="0" failures="0" errors="0" time="0.576">
    <testcase time="0.195" classname="dm_unite" name="dm_unite_works_as_expected_with_characters"/>
    <testcase time="0.004" classname="dm_unite" name="dm_unite_works_as_expected_with_characters"/>
    <testcase time="0.184" classname="dm_unite" name="dm_unite_works_as_expected_with_factors"/>
    <testcase time="0.004" classname="dm_unite" name="dm_unite_works_as_expected_with_factors"/>
    <testcase time="0.00299999999999989" classname="dm_unite" name="dm_unite_works_as_expected_with_factors"/>
    <testcase time="0.179" classname="dm_unite" name="dm_unite_works_as_expected_with_more_than_2_columns"/>
    <testcase time="0.00300000000000011" classname="dm_unite" name="dm_unite_works_as_expected_with_more_than_2_columns"/>
    <testcase time="0.004" classname="dm_unite" name="dm_unite_works_as_expected_with_more_than_2_columns"/>
  </testsuite>
  <testsuite name="join_adsub_adsl" timestamp="2023-02-09T06:56:53Z" hostname="cac8e3b341ba" tests="14" skipped="0" failures="0" errors="0" time="1.909">
    <testcase time="0.398" classname="join_adsub_adsl" name="join_adsub_adsl_works_as_expected_with_default_values"/>
    <testcase time="0.00099999999999989" classname="join_adsub_adsl" name="join_adsub_adsl_works_as_expected_with_default_values"/>
    <testcase time="0.00099999999999989" classname="join_adsub_adsl" name="join_adsub_adsl_works_as_expected_with_default_values"/>
    <testcase time="0.282" classname="join_adsub_adsl" name="join_adsub_adsl_works_as_expected_when_no_column_is_selected"/>
    <testcase time="0.00100000000000033" classname="join_adsub_adsl" name="join_adsub_adsl_works_as_expected_when_no_column_is_selected"/>
    <testcase time="0.00099999999999989" classname="join_adsub_adsl" name="join_adsub_adsl_works_as_expected_when_no_column_is_selected"/>
    <testcase time="0.279" classname="join_adsub_adsl" name="join_adsub_adsl_works_as_expected_when_no_column_is_selected"/>
    <testcase time="0.00099999999999989" classname="join_adsub_adsl" name="join_adsub_adsl_works_as_expected_when_no_column_is_selected"/>
    <testcase time="0.00100000000000033" classname="join_adsub_adsl" name="join_adsub_adsl_works_as_expected_when_no_column_is_selected"/>
    <testcase time="0.282" classname="join_adsub_adsl" name="join_adsub_adsl_works_as_expected_when_no_column_is_selected"/>
    <testcase time="0.00099999999999989" classname="join_adsub_adsl" name="join_adsub_adsl_works_as_expected_when_no_column_is_selected"/>
    <testcase time="0.00099999999999989" classname="join_adsub_adsl" name="join_adsub_adsl_works_as_expected_when_no_column_is_selected"/>
    <testcase time="0.333" classname="join_adsub_adsl" name="join_adsub_adsl_throw_a_warning_when_column_already_exist_in_adsl."/>
    <testcase time="0.327" classname="join_adsub_adsl" name="join_adsub_adsl_throw_a_warning_when_two_new_columns_would_have_the_same_name."/>
  </testsuite>
  <testsuite name="pivot" timestamp="2023-02-09T06:56:55Z" hostname="cac8e3b341ba" tests="17" skipped="0" failures="0" errors="0" time="0.098">
    <testcase time="0.0100000000000007" classname="pivot" name="mini_pivot_wider_works_as_expected."/>
    <testcase time="0.00299999999999923" classname="pivot" name="mini_pivot_wider_works_as_expected."/>
    <testcase time="0.00800000000000001" classname="pivot" name="mini_pivot_wider_returns_an_error_when_required_column_are_not_present."/>
    <testcase time="0.00800000000000001" classname="pivot" name="mini_pivot_wider_returns_an_error_when_data_are_duplicated."/>
    <testcase time="0.00700000000000056" classname="pivot" name="multi_pivot_wider_works_as_expected."/>
    <testcase time="0.00300000000000011" classname="pivot" name="multi_pivot_wider_works_as_expected."/>
    <testcase time="0.00599999999999934" classname="pivot" name="multi_pivot_wider_works_as_expected_with_drop_na_argument."/>
    <testcase time="0.00400000000000045" classname="pivot" name="multi_pivot_wider_works_as_expected_with_drop_na_argument."/>
    <testcase time="0.00600000000000023" classname="pivot" name="multi_pivot_wider_works_as_expected_with_drop_na_argument."/>
    <testcase time="0.00300000000000011" classname="pivot" name="multi_pivot_wider_works_as_expected_with_drop_na_argument."/>
    <testcase time="0.00899999999999945" classname="pivot" name="multi_pivot_wider_works_as_expected_when_the_unique_identification_deoends_on_several_columns"/>
    <testcase time="0.00300000000000011" classname="pivot" name="multi_pivot_wider_works_as_expected_when_the_unique_identification_deoends_on_several_columns"/>
    <testcase time="0.00400000000000045" classname="pivot" name="multi_pivot_wider_works_as_expected_when_the_unique_identification_deoends_on_several_columns"/>
    <testcase time="0.00800000000000001" classname="pivot" name="poly_pivot_wider_works_as_expected."/>
    <testcase time="0.00399999999999956" classname="pivot" name="poly_pivot_wider_works_as_expected."/>
    <testcase time="0.00800000000000001" classname="pivot" name="poly_pivot_wider_works_as_expected_with_default_label."/>
    <testcase time="0.00400000000000045" classname="pivot" name="poly_pivot_wider_works_as_expected_with_default_label."/>
  </testsuite>
  <testsuite name="propagate" timestamp="2023-02-09T06:56:55Z" hostname="cac8e3b341ba" tests="3" skipped="2" failures="0" errors="0" time="0.34">
    <testcase time="0.178" classname="propagate" name="propagate_works_as_expected">
      <skipped message="Reason: On CRAN ('test-propagate.R:17')"/>
    </testcase>
    <testcase time="0.129" classname="propagate" name="propagate_works_as_expected_in_safe_mode"/>
    <testcase time="0.0330000000000004" classname="propagate" name="propagate_works_as_expected_in_safe_mode">
      <skipped message="Reason: On CRAN ('test-propagate.R:36')"/>
    </testcase>
  </testsuite>
  <testsuite name="reformat" timestamp="2023-02-09T06:56:55Z" hostname="cac8e3b341ba" tests="27" skipped="0" failures="0" errors="0" time="0.919">
    <testcase time="0.0339999999999998" classname="reformat" name="assert_reformat_works_as_expected"/>
    <testcase time="0.00800000000000001" classname="reformat" name="assert_reformat_does_not_tolerate_duplicated_table_names_variables_or_mapping"/>
    <testcase time="0.109" classname="reformat" name="h_reformat_tab_works_as_expected"/>
    <testcase time="0.00300000000000011" classname="reformat" name="h_reformat_tab_works_as_expected"/>
    <testcase time="0.131" classname="reformat" name="apply_reformat_works_as_expected_with_other_All_spelling"/>
    <testcase time="0.00399999999999956" classname="reformat" name="apply_reformat_works_as_expected_with_other_All_spelling"/>
    <testcase time="0.00400000000000045" classname="reformat" name="apply_reformat_works_as_expected_with_other_All_spelling"/>
    <testcase time="0.00299999999999923" classname="reformat" name="apply_reformat_works_as_expected_with_other_All_spelling"/>
    <testcase time="0.00300000000000011" classname="reformat" name="apply_reformat_works_as_expected_with_other_All_spelling"/>
    <testcase time="0.118" classname="reformat" name="apply_reformat_works_as_expected_with_NULL_values"/>
    <testcase time="0.00399999999999956" classname="reformat" name="apply_reformat_works_as_expected_with_NULL_values"/>
    <testcase time="0.00300000000000011" classname="reformat" name="apply_reformat_works_as_expected_with_NULL_values"/>
    <testcase time="0.00399999999999956" classname="reformat" name="apply_reformat_works_as_expected_with_NULL_values"/>
    <testcase time="0.105" classname="reformat" name="assert_reformat_and_apply_reformat_work_with_NULL_values"/>
    <testcase time="0.0110000000000001" classname="reformat" name="assert_reformat_and_apply_reformat_work_with_NULL_values"/>
    <testcase time="0.00300000000000011" classname="reformat" name="assert_reformat_and_apply_reformat_work_with_NULL_values"/>
    <testcase time="0.00399999999999956" classname="reformat" name="assert_reformat_and_apply_reformat_work_with_NULL_values"/>
    <testcase time="0.105" classname="reformat" name="apply_reformat_works_with_empty_strings"/>
    <testcase time="0.0110000000000001" classname="reformat" name="apply_reformat_works_with_empty_strings"/>
    <testcase time="0.105" classname="reformat" name="apply_reformat_preserves_labels"/>
    <testcase time="0.00999999999999979" classname="reformat" name="apply_reformat_preserves_labels"/>
    <testcase time="0.00400000000000045" classname="reformat" name="apply_reformat_preserves_labels"/>
    <testcase time="0.101" classname="reformat" name="apply_reformat_works_as_expected_with_empty_list"/>
    <testcase time="0.0199999999999996" classname="reformat" name="apply_reformat_works_as_expected_with_empty_list"/>
    <testcase time="0.00400000000000045" classname="reformat" name="apply_reformat_works_as_expected_with_empty_list"/>
    <testcase time="0.00399999999999956" classname="reformat" name="apply_reformat_works_as_expected_with_empty_list"/>
    <testcase time="0.00400000000000045" classname="reformat" name="apply_reformat_works_as_expected_with_empty_list"/>
  </testsuite>
  <testsuite name="utils" timestamp="2023-02-09T06:56:56Z" hostname="cac8e3b341ba" tests="28" skipped="0" failures="0" errors="0" time="0.086">
    <testcase time="0.00699999999999967" classname="utils" name="h_ws_to_na_works_as_expected."/>
    <testcase time="0.00100000000000033" classname="utils" name="h_ws_to_na_works_as_expected."/>
    <testcase time="0.00199999999999978" classname="utils" name="h_ws_to_na_works_as_expected."/>
    <testcase time="0.00100000000000033" classname="utils" name="h_ws_to_na_works_as_expected."/>
    <testcase time="0.00300000000000011" classname="utils" name="h_ws_to_na_works_as_expected."/>
    <testcase time="0.00499999999999989" classname="utils" name="h_ws_to_explicit_na_works_as_expected."/>
    <testcase time="0.000999999999999446" classname="utils" name="h_ws_to_explicit_na_works_as_expected."/>
    <testcase time="0.00200000000000067" classname="utils" name="h_ws_to_explicit_na_works_as_expected."/>
    <testcase time="0.000999999999999446" classname="utils" name="h_ws_to_explicit_na_works_as_expected."/>
    <testcase time="0.00499999999999989" classname="utils" name="h_as_factor_works_as_expected"/>
    <testcase time="0.00100000000000033" classname="utils" name="h_as_factor_works_as_expected"/>
    <testcase time="0.00300000000000011" classname="utils" name="h_as_factor_works_as_expected"/>
    <testcase time="0.00399999999999956" classname="utils" name="h_as_factor_works_as_expected"/>
    <testcase time="0.00200000000000067" classname="utils" name="h_as_factor_works_as_expected"/>
    <testcase time="0.000999999999999446" classname="utils" name="h_as_factor_works_as_expected"/>
    <testcase time="0.00300000000000011" classname="utils" name="h_as_factor_works_as_expected"/>
    <testcase time="0.00400000000000045" classname="utils" name="h_as_factor_works_as_expected"/>
    <testcase time="0.00199999999999978" classname="utils" name="h_as_factor_works_as_expected"/>
    <testcase time="0.000999999999999446" classname="utils" name="h_as_factor_works_as_expected"/>
    <testcase time="0.00400000000000045" classname="utils" name="h_as_factor_works_as_expected"/>
    <testcase time="0.00300000000000011" classname="utils" name="h_as_factor_works_as_expected"/>
    <testcase time="0.00199999999999978" classname="utils" name="h_as_factor_works_as_expected"/>
    <testcase time="0.00199999999999978" classname="utils" name="h_as_factor_works_as_expected"/>
    <testcase time="0.00300000000000011" classname="utils" name="attr_label_works_as_expected"/>
    <testcase time="0.00400000000000045" classname="utils" name="attr_label_works_as_expected"/>
    <testcase time="0.00599999999999934" classname="utils" name="attr_label_works_as_expected"/>
    <testcase time="0.00700000000000056" classname="utils" name="attr_label_df_works_as_expected"/>
    <testcase time="0.00599999999999934" classname="utils" name="attr_label_df_works_as_expected"/>
  </testsuite>
</testsuites>
