<?xml version="1.0" encoding="UTF-8"?>
<testsuites>
  <testsuite name="assertions" timestamp="2023-04-13T13:14:19Z" hostname="f2bc6c231ede" tests="14" skipped="0" failures="0" errors="0" time="0.107">
    <testcase time="0.016" classname="assertions" name="assert_valid_format_works_as_expected"/>
    <testcase time="0.028" classname="assertions" name="assert_valid_format_works_as_expected"/>
    <testcase time="0.032" classname="assertions" name="assert_valid_format_fails_as_expected"/>
    <testcase time="0.002" classname="assertions" name="assert_valid_format_fails_as_expected"/>
    <testcase time="0.00099999999999989" classname="assertions" name="assert_valid_format_fails_as_expected"/>
    <testcase time="0.00100000000000011" classname="assertions" name="assert_valid_format_fails_as_expected"/>
    <testcase time="0.002" classname="assertions" name="assert_valid_format_fails_as_expected"/>
    <testcase time="0.00499999999999989" classname="assertions" name="assert_valid_list_format_works_as_expected"/>
    <testcase time="0.004" classname="assertions" name="assert_valid_list_format_works_as_expected"/>
    <testcase time="0.01" classname="assertions" name="assert_valid_list_format_fails_as_expected"/>
    <testcase time="0.002" classname="assertions" name="assert_valid_list_format_fails_as_expected"/>
    <testcase time="0.00100000000000011" classname="assertions" name="assert_valid_list_format_fails_as_expected"/>
    <testcase time="0.00099999999999989" classname="assertions" name="assert_valid_list_format_fails_as_expected"/>
    <testcase time="0.002" classname="assertions" name="assert_valid_list_format_fails_as_expected"/>
  </testsuite>
  <testsuite name="co_relevels" timestamp="2023-04-13T13:14:19Z" hostname="f2bc6c231ede" tests="22" skipped="0" failures="0" errors="0" time="0.14">
    <testcase time="0.0230000000000001" classname="co_relevels" name="co_relevels_works_as_expected."/>
    <testcase time="0.00499999999999989" classname="co_relevels" name="co_relevels_works_as_expected."/>
    <testcase time="0.004" classname="co_relevels" name="co_relevels_works_as_expected."/>
    <testcase time="0.004" classname="co_relevels" name="co_relevels_works_as_expected."/>
    <testcase time="0.00300000000000011" classname="co_relevels" name="co_relevels_works_as_expected."/>
    <testcase time="0.0110000000000001" classname="co_relevels" name="co_relevels_works_as_expected_with_tibbles."/>
    <testcase time="0.004" classname="co_relevels" name="co_relevels_works_as_expected_with_tibbles."/>
    <testcase time="0.004" classname="co_relevels" name="co_relevels_works_as_expected_with_tibbles."/>
    <testcase time="0.00399999999999978" classname="co_relevels" name="co_relevels_works_as_expected_with_tibbles."/>
    <testcase time="0.004" classname="co_relevels" name="co_relevels_works_as_expected_with_tibbles."/>
    <testcase time="0.00600000000000001" classname="co_relevels" name="co_relevels_works_as_expected_when_only_a_subset_of_levels_is_used."/>
    <testcase time="0.004" classname="co_relevels" name="co_relevels_works_as_expected_when_only_a_subset_of_levels_is_used."/>
    <testcase time="0.00800000000000001" classname="co_relevels" name="co_relevels_works_as_expected_when_only_a_subset_of_levels_is_used."/>
    <testcase time="0.00500000000000012" classname="co_relevels" name="co_relevels_works_as_expected_when_only_a_subset_of_levels_is_used."/>
    <testcase time="0.004" classname="co_relevels" name="co_relevels_works_as_expected_when_only_a_subset_of_levels_is_used."/>
    <testcase time="0.00600000000000001" classname="co_relevels" name="co_relevels_works_as_expected_when_a_supplementary_level_is_used."/>
    <testcase time="0.004" classname="co_relevels" name="co_relevels_works_as_expected_when_a_supplementary_level_is_used."/>
    <testcase time="0.004" classname="co_relevels" name="co_relevels_works_as_expected_when_a_supplementary_level_is_used."/>
    <testcase time="0.00499999999999989" classname="co_relevels" name="co_relevels_works_as_expected_when_a_supplementary_level_is_used."/>
    <testcase time="0.004" classname="co_relevels" name="co_relevels_works_as_expected_when_a_supplementary_level_is_used."/>
    <testcase time="0.01" classname="co_relevels" name="co_relevels_retuns_an_error_when_the_matching_between_the_selected_column_is_not_unique."/>
    <testcase time="0.014" classname="co_relevels" name="co_relevels_retuns_an_error_when_NAs_are_present."/>
  </testsuite>
  <testsuite name="cut_by_group" timestamp="2023-04-13T13:14:19Z" hostname="f2bc6c231ede" tests="14" skipped="0" failures="0" errors="0" time="0.079">
    <testcase time="0.0230000000000001" classname="cut_by_group" name="cut_by_group_works_as_expected."/>
    <testcase time="0.00099999999999989" classname="cut_by_group" name="cut_by_group_works_as_expected."/>
    <testcase time="0.004" classname="cut_by_group" name="cut_by_group_works_as_expected."/>
    <testcase time="0.004" classname="cut_by_group" name="cut_by_group_works_as_expected."/>
    <testcase time="0.00600000000000001" classname="cut_by_group" name="cut_by_group_works_as_expected_when_supplementary_group_information_are_provided."/>
    <testcase time="0.00100000000000011" classname="cut_by_group" name="cut_by_group_works_as_expected_when_supplementary_group_information_are_provided."/>
    <testcase time="0.004" classname="cut_by_group" name="cut_by_group_works_as_expected_when_supplementary_group_information_are_provided."/>
    <testcase time="0.00399999999999978" classname="cut_by_group" name="cut_by_group_works_as_expected_when_supplementary_group_information_are_provided."/>
    <testcase time="0.01" classname="cut_by_group" name="cut_by_group_returns_NA_for_parameters_values_that_are_covered."/>
    <testcase time="0.00100000000000011" classname="cut_by_group" name="cut_by_group_returns_NA_for_parameters_values_that_are_covered."/>
    <testcase time="0.004" classname="cut_by_group" name="cut_by_group_returns_NA_for_parameters_values_that_are_covered."/>
    <testcase time="0.004" classname="cut_by_group" name="cut_by_group_returns_NA_for_parameters_values_that_are_covered."/>
    <testcase time="0.004" classname="cut_by_group" name="cut_by_group_returns_NA_for_parameters_values_that_are_covered."/>
    <testcase time="0.00900000000000012" classname="cut_by_group" name="cut_by_group_fails_when_the_number_of_labels_doesn_t_fit_the_number_of_breaks."/>
  </testsuite>
  <testsuite name="dm_explicit_na" timestamp="2023-04-13T13:14:19Z" hostname="f2bc6c231ede" tests="25" skipped="0" failures="0" errors="0" time="0.567">
    <testcase time="0.192" classname="dm_explicit_na" name="dm_explicit_na_works_as_expected_with_default_options."/>
    <testcase time="0.00100000000000011" classname="dm_explicit_na" name="dm_explicit_na_works_as_expected_with_default_options."/>
    <testcase time="0.002" classname="dm_explicit_na" name="dm_explicit_na_works_as_expected_with_default_options."/>
    <testcase time="0.00099999999999989" classname="dm_explicit_na" name="dm_explicit_na_works_as_expected_with_default_options."/>
    <testcase time="0.00100000000000011" classname="dm_explicit_na" name="dm_explicit_na_works_as_expected_with_default_options."/>
    <testcase time="0.00099999999999989" classname="dm_explicit_na" name="dm_explicit_na_works_as_expected_with_default_options."/>
    <testcase time="0.00100000000000011" classname="dm_explicit_na" name="dm_explicit_na_works_as_expected_with_default_options."/>
    <testcase time="0.002" classname="dm_explicit_na" name="dm_explicit_na_works_as_expected_with_default_options."/>
    <testcase time="0.00099999999999989" classname="dm_explicit_na" name="dm_explicit_na_works_as_expected_with_default_options."/>
    <testcase time="0.00100000000000011" classname="dm_explicit_na" name="dm_explicit_na_works_as_expected_with_default_options."/>
    <testcase time="0.167" classname="dm_explicit_na" name="dm_explicit_na_works_as_expected_with_optional_arguments."/>
    <testcase time="0.002" classname="dm_explicit_na" name="dm_explicit_na_works_as_expected_with_optional_arguments."/>
    <testcase time="0.004" classname="dm_explicit_na" name="dm_explicit_na_works_as_expected_with_optional_arguments."/>
    <testcase time="0.002" classname="dm_explicit_na" name="dm_explicit_na_works_as_expected_with_optional_arguments."/>
    <testcase time="0.00100000000000011" classname="dm_explicit_na" name="dm_explicit_na_works_as_expected_with_optional_arguments."/>
    <testcase time="0.00099999999999989" classname="dm_explicit_na" name="dm_explicit_na_works_as_expected_with_optional_arguments."/>
    <testcase time="0.00100000000000011" classname="dm_explicit_na" name="dm_explicit_na_works_as_expected_with_optional_arguments."/>
    <testcase time="0.002" classname="dm_explicit_na" name="dm_explicit_na_works_as_expected_with_optional_arguments."/>
    <testcase time="0.00099999999999989" classname="dm_explicit_na" name="dm_explicit_na_works_as_expected_with_optional_arguments."/>
    <testcase time="0.004" classname="dm_explicit_na" name="dm_explicit_na_works_as_expected_with_optional_arguments."/>
    <testcase time="0.002" classname="dm_explicit_na" name="dm_explicit_na_works_as_expected_with_optional_arguments."/>
    <testcase time="0.00100000000000011" classname="dm_explicit_na" name="dm_explicit_na_works_as_expected_with_optional_arguments."/>
    <testcase time="0.00499999999999989" classname="dm_explicit_na" name="dm_explicit_na_works_as_expected_with_optional_arguments."/>
    <testcase time="0.123" classname="dm_explicit_na" name="dm_explicit_na_skip_if_all_datasets_excluded"/>
    <testcase time="0.048" classname="dm_explicit_na" name="dm_explicit_na_skip_if_all_datasets_excluded"/>
  </testsuite>
  <testsuite name="dm_unite" timestamp="2023-04-13T13:14:20Z" hostname="f2bc6c231ede" tests="15" skipped="0" failures="0" errors="0" time="0.704">
    <testcase time="0.212" classname="dm_unite" name="dm_unite_works_as_expected_with_characters"/>
    <testcase time="0.00099999999999989" classname="dm_unite" name="dm_unite_works_as_expected_with_characters"/>
    <testcase time="0.00500000000000034" classname="dm_unite" name="dm_unite_works_as_expected_with_characters"/>
    <testcase time="0.216" classname="dm_unite" name="dm_unite_works_as_expected_with_factors"/>
    <testcase time="0.00099999999999989" classname="dm_unite" name="dm_unite_works_as_expected_with_factors"/>
    <testcase time="0.004" classname="dm_unite" name="dm_unite_works_as_expected_with_factors"/>
    <testcase time="0.004" classname="dm_unite" name="dm_unite_works_as_expected_with_factors"/>
    <testcase time="0.217" classname="dm_unite" name="dm_unite_works_as_expected_with_more_than_2_columns"/>
    <testcase time="0.00099999999999989" classname="dm_unite" name="dm_unite_works_as_expected_with_more_than_2_columns"/>
    <testcase time="0.00499999999999989" classname="dm_unite" name="dm_unite_works_as_expected_with_more_than_2_columns"/>
    <testcase time="0.004" classname="dm_unite" name="dm_unite_works_as_expected_with_more_than_2_columns"/>
    <testcase time="0.00999999999999979" classname="dm_unite" name="ls_unite_works_as_expected_with_factors"/>
    <testcase time="0.004" classname="dm_unite" name="ls_unite_works_as_expected_with_factors"/>
    <testcase time="0.00900000000000034" classname="dm_unite" name="ls_unite_works_as_expected_with_more_than_2_columns"/>
    <testcase time="0.0109999999999997" classname="dm_unite" name="ls_unite_works_as_expected_with_more_than_2_columns"/>
  </testsuite>
  <testsuite name="join_adsub_adsl" timestamp="2023-04-13T13:14:21Z" hostname="f2bc6c231ede" tests="33" skipped="0" failures="0" errors="0" time="2.231">
    <testcase time="0.525" classname="join_adsub_adsl" name="join_adsub_adsl.dm_works_as_expected_with_default_values"/>
    <testcase time="0.00199999999999978" classname="join_adsub_adsl" name="join_adsub_adsl.dm_works_as_expected_with_default_values"/>
    <testcase time="0.00099999999999989" classname="join_adsub_adsl" name="join_adsub_adsl.dm_works_as_expected_with_default_values"/>
    <testcase time="0.29" classname="join_adsub_adsl" name="join_adsub_adsl.dm_works_as_expected_when_no_column_is_selected"/>
    <testcase time="0.00100000000000033" classname="join_adsub_adsl" name="join_adsub_adsl.dm_works_as_expected_when_no_column_is_selected"/>
    <testcase time="0.00099999999999989" classname="join_adsub_adsl" name="join_adsub_adsl.dm_works_as_expected_when_no_column_is_selected"/>
    <testcase time="0.289" classname="join_adsub_adsl" name="join_adsub_adsl.dm_works_as_expected_when_no_column_is_selected"/>
    <testcase time="0.00199999999999978" classname="join_adsub_adsl" name="join_adsub_adsl.dm_works_as_expected_when_no_column_is_selected"/>
    <testcase time="0.00099999999999989" classname="join_adsub_adsl" name="join_adsub_adsl.dm_works_as_expected_when_no_column_is_selected"/>
    <testcase time="0.292" classname="join_adsub_adsl" name="join_adsub_adsl.dm_works_as_expected_when_no_column_is_selected"/>
    <testcase time="0.00099999999999989" classname="join_adsub_adsl" name="join_adsub_adsl.dm_works_as_expected_when_no_column_is_selected"/>
    <testcase time="0.00099999999999989" classname="join_adsub_adsl" name="join_adsub_adsl.dm_works_as_expected_when_no_column_is_selected"/>
    <testcase time="0.367" classname="join_adsub_adsl" name="join_adsub_adsl.dm_throw_a_warning_when_column_already_exist_in_adsl."/>
    <testcase time="0.000999999999999446" classname="join_adsub_adsl" name="join_adsub_adsl.dm_throw_a_warning_when_column_already_exist_in_adsl."/>
    <testcase time="0.00100000000000033" classname="join_adsub_adsl" name="join_adsub_adsl.dm_throw_a_warning_when_column_already_exist_in_adsl."/>
    <testcase time="0.359" classname="join_adsub_adsl" name="join_adsub_adsl.dm_throw_a_warning_when_two_new_columns_would_have_the_same_name."/>
    <testcase time="0.00199999999999978" classname="join_adsub_adsl" name="join_adsub_adsl.dm_throw_a_warning_when_two_new_columns_would_have_the_same_name."/>
    <testcase time="0.00100000000000033" classname="join_adsub_adsl" name="join_adsub_adsl.dm_throw_a_warning_when_two_new_columns_would_have_the_same_name."/>
    <testcase time="0.0149999999999997" classname="join_adsub_adsl" name="join_adsub_adsl.list_works_as_expected_with_default_values"/>
    <testcase time="0.00100000000000033" classname="join_adsub_adsl" name="join_adsub_adsl.list_works_as_expected_with_default_values"/>
    <testcase time="0.00199999999999978" classname="join_adsub_adsl" name="join_adsub_adsl.list_works_as_expected_with_default_values"/>
    <testcase time="0.00400000000000045" classname="join_adsub_adsl" name="join_adsub_adsl.list_works_as_expected_with_default_values"/>
    <testcase time="0.00399999999999956" classname="join_adsub_adsl" name="join_adsub_adsl.list_works_as_expected_with_default_values"/>
    <testcase time="0.0140000000000002" classname="join_adsub_adsl" name="join_adsub_adsl.list_works_as_expected_when_no_column_is_selected"/>
    <testcase time="0.00199999999999978" classname="join_adsub_adsl" name="join_adsub_adsl.list_works_as_expected_when_no_column_is_selected"/>
    <testcase time="0.00100000000000033" classname="join_adsub_adsl" name="join_adsub_adsl.list_works_as_expected_when_no_column_is_selected"/>
    <testcase time="0.0149999999999997" classname="join_adsub_adsl" name="join_adsub_adsl.list_works_as_expected_when_no_column_is_selected"/>
    <testcase time="0.00199999999999978" classname="join_adsub_adsl" name="join_adsub_adsl.list_works_as_expected_when_no_column_is_selected"/>
    <testcase time="0.00100000000000033" classname="join_adsub_adsl" name="join_adsub_adsl.list_works_as_expected_when_no_column_is_selected"/>
    <testcase time="0.0110000000000001" classname="join_adsub_adsl" name="join_adsub_adsl.list_works_as_expected_when_no_column_is_selected"/>
    <testcase time="0.000999999999999446" classname="join_adsub_adsl" name="join_adsub_adsl.list_works_as_expected_when_no_column_is_selected"/>
    <testcase time="0.00200000000000067" classname="join_adsub_adsl" name="join_adsub_adsl.list_works_as_expected_when_no_column_is_selected"/>
    <testcase time="0.0190000000000001" classname="join_adsub_adsl" name="join_adsub_adsl.list_throw_a_warning_when_column_already_exist_in_adsl."/>
  </testsuite>
  <testsuite name="pivot" timestamp="2023-04-13T13:14:23Z" hostname="f2bc6c231ede" tests="17" skipped="0" failures="0" errors="0" time="0.117">
    <testcase time="0.0119999999999996" classname="pivot" name="mini_pivot_wider_works_as_expected."/>
    <testcase time="0.00400000000000045" classname="pivot" name="mini_pivot_wider_works_as_expected."/>
    <testcase time="0.00899999999999945" classname="pivot" name="mini_pivot_wider_returns_an_error_when_required_column_are_not_present."/>
    <testcase time="0.00800000000000001" classname="pivot" name="mini_pivot_wider_returns_an_error_when_data_are_duplicated."/>
    <testcase time="0.00800000000000001" classname="pivot" name="multi_pivot_wider_works_as_expected."/>
    <testcase time="0.00400000000000045" classname="pivot" name="multi_pivot_wider_works_as_expected."/>
    <testcase time="0.00699999999999967" classname="pivot" name="multi_pivot_wider_works_as_expected_with_drop_na_argument."/>
    <testcase time="0.00399999999999956" classname="pivot" name="multi_pivot_wider_works_as_expected_with_drop_na_argument."/>
    <testcase time="0.00700000000000056" classname="pivot" name="multi_pivot_wider_works_as_expected_with_drop_na_argument."/>
    <testcase time="0.00399999999999956" classname="pivot" name="multi_pivot_wider_works_as_expected_with_drop_na_argument."/>
    <testcase time="0.00900000000000034" classname="pivot" name="multi_pivot_wider_works_as_expected_when_the_unique_identification_deoends_on_several_columns"/>
    <testcase time="0.00499999999999989" classname="pivot" name="multi_pivot_wider_works_as_expected_when_the_unique_identification_deoends_on_several_columns"/>
    <testcase time="0.00400000000000045" classname="pivot" name="multi_pivot_wider_works_as_expected_when_the_unique_identification_deoends_on_several_columns"/>
    <testcase time="0.00899999999999945" classname="pivot" name="poly_pivot_wider_works_as_expected."/>
    <testcase time="0.00499999999999989" classname="pivot" name="poly_pivot_wider_works_as_expected."/>
    <testcase time="0.0129999999999999" classname="pivot" name="poly_pivot_wider_works_as_expected_with_default_label."/>
    <testcase time="0.00500000000000078" classname="pivot" name="poly_pivot_wider_works_as_expected_with_default_label."/>
  </testsuite>
  <testsuite name="propagate" timestamp="2023-04-13T13:14:23Z" hostname="f2bc6c231ede" tests="3" skipped="2" failures="0" errors="0" time="0.364">
    <testcase time="0.19" classname="propagate" name="propagate_works_as_expected">
      <skipped message="Reason: On CRAN ('test-propagate.R:16:3')"/>
    </testcase>
    <testcase time="0.141" classname="propagate" name="propagate_works_as_expected_in_safe_mode"/>
    <testcase time="0.0330000000000004" classname="propagate" name="propagate_works_as_expected_in_safe_mode">
      <skipped message="Reason: On CRAN ('test-propagate.R:35:3')"/>
    </testcase>
  </testsuite>
  <testsuite name="reformat" timestamp="2023-04-13T13:14:23Z" hostname="f2bc6c231ede" tests="29" skipped="0" failures="0" errors="0" time="0.414">
    <testcase time="0.0380000000000003" classname="reformat" name="reformat_fails_for_numeric_or_logical"/>
    <testcase time="0.00699999999999967" classname="reformat" name="reformat_for_characters_works_as_expected_when_string_as_fct_is_FALSE"/>
    <testcase time="0.00900000000000034" classname="reformat" name="reformat_for_characters_works_as_expected_when_string_as_fct_is_TRUE"/>
    <testcase time="0.00699999999999967" classname="reformat" name="reformat_for_characters_works_as_expected_when_string_as_fct_is_TRUE_and_na_last_is_false"/>
    <testcase time="0.00500000000000078" classname="reformat" name="reformat_for_characters_works_as_expected_when_string_as_fct_is_TRUE_and_na_last_is_false"/>
    <testcase time="0.00699999999999967" classname="reformat" name="reformat_for_factors_works_as_expected"/>
    <testcase time="0.00499999999999989" classname="reformat" name="reformat_for_factors_works_as_expected"/>
    <testcase time="0.00399999999999956" classname="reformat" name="reformat_for_factors_works_as_expected"/>
    <testcase time="0.00600000000000023" classname="reformat" name="reformat_factor_works_as_expected_when_the_level_doesn_t_exist"/>
    <testcase time="0.00400000000000045" classname="reformat" name="reformat_factor_works_as_expected_when_the_level_doesn_t_exist"/>
    <testcase time="0.00499999999999989" classname="reformat" name="reformat_factor_works_as_expected_when_na_last_FALSE"/>
    <testcase time="0.00399999999999956" classname="reformat" name="reformat_factor_works_as_expected_when_na_last_FALSE"/>
    <testcase time="0.00800000000000001" classname="reformat" name="reformat_for_list_works_as_expected"/>
    <testcase time="0.00400000000000045" classname="reformat" name="reformat_for_list_works_as_expected"/>
    <testcase time="0.00399999999999956" classname="reformat" name="reformat_for_list_works_as_expected"/>
    <testcase time="0.00400000000000045" classname="reformat" name="reformat_for_list_works_as_expected"/>
    <testcase time="0.00399999999999956" classname="reformat" name="reformat_for_list_works_as_expected"/>
    <testcase time="0.00600000000000023" classname="reformat" name="reformat_for_list_works_as_does_not_change_the_data_for_no_rules"/>
    <testcase time="0.00800000000000001" classname="reformat" name="reformat_for_list_works_as_does_not_change_the_data_for_no_rules"/>
    <testcase time="0.00699999999999967" classname="reformat" name="reformat_for_list_works_for_empty_rule"/>
    <testcase time="0.00400000000000045" classname="reformat" name="reformat_for_list_works_for_empty_rule"/>
    <testcase time="0.231" classname="reformat" name="reformat_for_dm_works_as_expected"/>
    <testcase time="0.00399999999999956" classname="reformat" name="reformat_for_dm_works_as_expected"/>
    <testcase time="0.00499999999999989" classname="reformat" name="reformat_for_dm_works_as_expected"/>
    <testcase time="0.00400000000000045" classname="reformat" name="reformat_for_dm_works_as_expected"/>
    <testcase time="0.00399999999999956" classname="reformat" name="reformat_for_dm_works_as_expected"/>
    <testcase time="0.00800000000000001" classname="reformat" name="empty_rule_do_nothing_to_input"/>
    <testcase time="0.00400000000000045" classname="reformat" name="empty_rule_do_nothing_to_input"/>
    <testcase time="0.00399999999999956" classname="reformat" name="empty_rule_do_nothing_to_input"/>
  </testsuite>
  <testsuite name="rules" timestamp="2023-04-13T13:14:23Z" hostname="f2bc6c231ede" tests="25" skipped="2" failures="0" errors="0" time="0.306">
    <testcase time="0.00900000000000034" classname="rules" name="rule_create_works_with_arguments"/>
    <testcase time="0.12" classname="rules" name="rule_create_works_with_arguments"/>
    <testcase time="0.00399999999999956" classname="rules" name="rule_create_works_with_arguments"/>
    <testcase time="0.00499999999999989" classname="rules" name="rule_coerce_logical_numeric_to_character"/>
    <testcase time="0.00600000000000023" classname="rules" name="rule_coerce_logical_numeric_to_character"/>
    <testcase time="0.00199999999999978" classname="rules" name="rule_coerce_logical_numeric_to_character"/>
    <testcase time="0.00600000000000023" classname="rules" name="rule_coerce_logical_numeric_to_character"/>
    <testcase time="0.00499999999999989" classname="rules" name="rule_works_for_multiple_map"/>
    <testcase time="0.00600000000000023" classname="rules" name="rule_works_for_multiple_map"/>
    <testcase time="0.00900000000000034" classname="rules" name="rule_fails_when_one_value_is_mapped_to_multiple"/>
    <testcase time="0.00599999999999934" classname="rules" name="rule_fails_when_one_value_is_mapped_to_multiple"/>
    <testcase time="0.00900000000000034" classname="rules" name="rule_fails_for_values_that_is_not_character_logical_numeric"/>
    <testcase time="0.0350000000000001" classname="rules" name="rule_printed_correctly">
      <skipped message="Reason: On CRAN ('test-rules.R:45:3')"/>
    </testcase>
    <testcase time="0.0179999999999998" classname="rules" name="emtpy_rule_is_length_0_character"/>
    <testcase time="0.00800000000000001" classname="rules" name="emtpy_rule_printed_correctly">
      <skipped message="Reason: On CRAN ('test-rules.R:55:3')"/>
    </testcase>
    <testcase time="0.0139999999999993" classname="rules" name="list2rules_works_as_expected"/>
    <testcase time="0.00100000000000033" classname="rules" name="list2rules_works_as_expected"/>
    <testcase time="0.00499999999999989" classname="rules" name="list2rules_works_as_expected"/>
    <testcase time="0.00999999999999979" classname="rules" name="list2rules_fails_as_expected"/>
    <testcase time="0.00200000000000067" classname="rules" name="list2rules_fails_as_expected"/>
    <testcase time="0.000999999999999446" classname="rules" name="list2rules_fails_as_expected"/>
    <testcase time="0.00700000000000056" classname="rules" name="as.list_convert_rules_into_list_correctly"/>
    <testcase time="0.00800000000000001" classname="rules" name="as.list_and_rule_are_reversible"/>
    <testcase time="0.00499999999999989" classname="rules" name="list_of_rules_are_read_correctly"/>
    <testcase time="0.00499999999999989" classname="rules" name="list_of_rules_are_read_correctly"/>
  </testsuite>
  <testsuite name="utils" timestamp="2023-04-13T13:14:24Z" hostname="f2bc6c231ede" tests="30" skipped="0" failures="0" errors="0" time="0.111">
    <testcase time="0.0129999999999999" classname="utils" name="h_ws_to_na_works_as_expected."/>
    <testcase time="0.00100000000000033" classname="utils" name="h_ws_to_na_works_as_expected."/>
    <testcase time="0.00199999999999978" classname="utils" name="h_ws_to_na_works_as_expected."/>
    <testcase time="0.000999999999999446" classname="utils" name="h_ws_to_na_works_as_expected."/>
    <testcase time="0.00400000000000045" classname="utils" name="h_ws_to_na_works_as_expected."/>
    <testcase time="0.00499999999999989" classname="utils" name="h_ws_to_explicit_na_works_as_expected."/>
    <testcase time="0.00100000000000033" classname="utils" name="h_ws_to_explicit_na_works_as_expected."/>
    <testcase time="0.00300000000000011" classname="utils" name="h_ws_to_explicit_na_works_as_expected."/>
    <testcase time="0.000999999999999446" classname="utils" name="h_ws_to_explicit_na_works_as_expected."/>
    <testcase time="0.00499999999999989" classname="utils" name="h_ws_to_explicit_na_do_not_add_NA_level_when_it_do_not_exist"/>
    <testcase time="0.00400000000000045" classname="utils" name="h_ws_to_explicit_na_do_not_add_NA_level_when_it_do_not_exist"/>
    <testcase time="0.00600000000000023" classname="utils" name="h_as_factor_works_as_expected"/>
    <testcase time="0.000999999999999446" classname="utils" name="h_as_factor_works_as_expected"/>
    <testcase time="0.00400000000000045" classname="utils" name="h_as_factor_works_as_expected"/>
    <testcase time="0.00399999999999956" classname="utils" name="h_as_factor_works_as_expected"/>
    <testcase time="0.00199999999999978" classname="utils" name="h_as_factor_works_as_expected"/>
    <testcase time="0.00100000000000033" classname="utils" name="h_as_factor_works_as_expected"/>
    <testcase time="0.00399999999999956" classname="utils" name="h_as_factor_works_as_expected"/>
    <testcase time="0.00400000000000045" classname="utils" name="h_as_factor_works_as_expected"/>
    <testcase time="0.00199999999999978" classname="utils" name="h_as_factor_works_as_expected"/>
    <testcase time="0.00199999999999978" classname="utils" name="h_as_factor_works_as_expected"/>
    <testcase time="0.00400000000000045" classname="utils" name="h_as_factor_works_as_expected"/>
    <testcase time="0.00399999999999956" classname="utils" name="h_as_factor_works_as_expected"/>
    <testcase time="0.00199999999999978" classname="utils" name="h_as_factor_works_as_expected"/>
    <testcase time="0.00200000000000067" classname="utils" name="h_as_factor_works_as_expected"/>
    <testcase time="0.00399999999999956" classname="utils" name="attr_label_works_as_expected"/>
    <testcase time="0.00400000000000045" classname="utils" name="attr_label_works_as_expected"/>
    <testcase time="0.00599999999999934" classname="utils" name="attr_label_works_as_expected"/>
    <testcase time="0.00900000000000034" classname="utils" name="attr_label_df_works_as_expected"/>
    <testcase time="0.00600000000000023" classname="utils" name="attr_label_df_works_as_expected"/>
  </testsuite>
</testsuites>
